
hostname        = clustern11

started on      = 2022-09-05T18:28:10.649
julia threads   = 1
BLAS threads    = 8

a               = 11.38307142857143

temperature     = 0.0
smearing        = DFTK.Smearing.None()
lattice         = [0.0 5.692 5.692; 5.692 0.0 5.692; 5.692 5.692 0.0]
Ecut            = 50.0
fft_size        = (54, 54, 54)
kgrid           = [1, 1, 1]
kshift          = [0.0, 0.0, 0.0]
n_irreducible_k = 1
n_bands         = 4
n_electrons     = 8

--------------------------------
n     Energy            log10(ΔE)   log10(Δρ)   α      Diag
---   ---------------   ---------   ---------   ----   ----
  1   -7.382276118361                   -0.59   0.60   12.0
  2   -7.384854273510       -2.59       -1.00   0.60    1.0
  3   -7.348230080794   +   -1.44       -0.76   0.60    3.0
  4   -7.385831896297       -1.42       -1.46   0.60    3.0
  5   -7.387216546387       -2.86       -2.01   0.60    2.0
  6   -7.385050279500   +   -2.66       -1.40   0.60    3.0
  7   -7.387191475373       -2.67       -2.08   0.60    2.0
  8   -7.387277885171       -4.06       -2.51   0.60    1.0
  9   -7.387274045439   +   -5.42       -2.46   0.60    2.0
 10   -7.387290184999       -4.79       -3.42   0.60    1.0
 11   -7.387290085916   +   -7.00       -3.27   0.60    5.0
 12   -7.387290346464       -6.58       -3.52   0.60    2.0
 13   -7.387290448883       -6.99       -4.05   0.60    1.0
 14   -7.387290450908       -8.69       -4.14   0.60    4.0
 15   -7.387290453461       -8.59       -4.30   0.60    1.0
 16   -7.387290457197       -8.43       -5.34   0.60    1.0
 17   -7.387290457201      -11.37       -5.21   0.60    4.0
 18   -7.387290457221      -10.71       -5.43   0.60    1.0
 19   -7.387290457236      -10.82       -5.81   0.60    1.0
 20   -7.387290457239      -11.53       -6.44   0.60    1.0
 21   -7.387290457239      -13.22       -6.57   0.60    3.0

--------------------------------
apply_χ0 with extra bands
 ────────────────────────────────────────────────────────────────────────────────
                                        Time                    Allocations      
                               ───────────────────────   ────────────────────────
       Tot / % measured:            1.37s / 100.0%            487MiB / 100.0%    

 Section               ncalls     time    %tot     avg     alloc    %tot      avg
 ────────────────────────────────────────────────────────────────────────────────
 apply_χ0_4P                1    1.37s  100.0%   1.37s    487MiB  100.0%   487MiB
   DftHamiltonian m...    184    1.14s   83.8%  6.22ms    257MiB   52.7%  1.40MiB
     local+kinetic        184    860ms   63.0%  4.67ms   17.7MiB    3.6%  98.7KiB
     nonlocal             184   18.0ms    1.3%  97.7μs   17.6MiB    3.6%  97.9KiB
 ────────────────────────────────────────────────────────────────────────────────

--------------------------------
apply_χ0 without extra bands
 ────────────────────────────────────────────────────────────────────────────────
                                        Time                    Allocations      
                               ───────────────────────   ────────────────────────
       Tot / % measured:            1.36s / 100.0%            596MiB / 100.0%    

 Section               ncalls     time    %tot     avg     alloc    %tot      avg
 ────────────────────────────────────────────────────────────────────────────────
 apply_χ0_4P                1    1.36s  100.0%   1.36s    596MiB  100.0%   596MiB
   DftHamiltonian m...    226    1.18s   86.9%  5.22ms    316MiB   52.9%  1.40MiB
     local+kinetic        226    1.05s   77.6%  4.67ms   21.8MiB    3.7%  98.7KiB
     nonlocal             226   20.0ms    1.5%  88.3μs   21.6MiB    3.6%  97.9KiB
 ────────────────────────────────────────────────────────────────────────────────
