
hostname        = gaspacho

started on      = 2022-09-28T17:16:36.646
julia threads   = 1
BLAS threads    = 4

a               = 11.396357142857145

temperature     = 0.0
smearing        = DFTK.Smearing.None()
lattice         = [0.0 5.698 5.698; 5.698 0.0 5.698; 5.698 5.698 0.0]
Ecut            = 50.0
fft_size        = (54, 54, 54)
kgrid           = [1, 1, 1]
kshift          = [0.0, 0.0, 0.0]
n_irreducible_k = 1
n_bands         = 4
n_electrons     = 8

--------------------------------
n     Energy            log10(ΔE)   log10(Δρ)   α      Diag
---   ---------------   ---------   ---------   ----   ----
  1   -7.382270464190                   -0.59   0.60   12.0
  2   -7.382752135880       -3.32       -0.98   0.60    1.0
  3   -7.337053564407   +   -1.34       -0.69   0.60    3.0
  4   -7.328626907716   +   -2.07       -0.71   0.60    2.0
  5   -7.367692895836       -1.41       -0.92   0.60    1.0
  6   -7.376516211509       -2.05       -1.04   0.60    1.0
  7   -7.386726971139       -1.99       -1.62   0.60    1.0
  8   -7.384596079896   +   -2.67       -1.35   0.60    2.0
  9   -7.386843555669       -2.65       -1.68   0.60    1.0
 10   -7.387283096826       -3.36       -2.03   0.60    1.0
 11   -7.387362180877       -4.10       -2.24   0.60    1.0
 12   -7.387401477524       -4.41       -2.75   0.60    2.0
 13   -7.387404072410       -5.59       -2.90   0.60    1.0
 14   -7.387395467765   +   -5.07       -2.56   0.60    1.0
 15   -7.387404934368       -5.02       -3.07   0.60    2.0
 16   -7.387400567924   +   -5.36       -2.70   0.60    1.0
 17   -7.387405413341       -5.31       -3.32   0.60    1.0
 18   -7.387405608413       -6.71       -3.60   0.60    2.0
 19   -7.387405619114       -7.97       -3.59   0.60    2.0
 20   -7.387405706426       -7.06       -4.33   0.60    1.0
 21   -7.387405708206       -8.75       -4.71   0.60    3.0
 22   -7.387405708496       -9.54       -4.86   0.60    1.0
 23   -7.387405708687       -9.72       -5.26   0.60    1.0
 24   -7.387405708721      -10.48       -5.75   0.60    1.0
 25   -7.387405708724      -11.42       -6.05   0.60    2.0
 26   -7.387405708724      -13.13       -6.07   0.60    2.0

--------------------------------
apply_χ0 with extra bands
 ────────────────────────────────────────────────────────────────────────────────
                                        Time                    Allocations      
                               ───────────────────────   ────────────────────────
       Tot / % measured:            512ms / 100.0%            443MiB / 100.0%    

 Section               ncalls     time    %tot     avg     alloc    %tot      avg
 ────────────────────────────────────────────────────────────────────────────────
 apply_χ0_schur             1    512ms  100.0%   512ms    443MiB  100.0%   443MiB
   DftHamiltonian m...     95    314ms   61.3%  3.31ms    133MiB   30.0%  1.40MiB
     local+kinetic        103    279ms   54.6%  2.71ms   8.78MiB    2.0%  87.3KiB
     nonlocal              95   9.79ms    1.9%   103μs   9.85MiB    2.2%   106KiB
 ────────────────────────────────────────────────────────────────────────────────

--------------------------------
apply_χ0 without extra bands
 ────────────────────────────────────────────────────────────────────────────────
                                        Time                    Allocations      
                               ───────────────────────   ────────────────────────
       Tot / % measured:            452ms / 100.0%            406MiB / 100.0%    

 Section               ncalls     time    %tot     avg     alloc    %tot      avg
 ────────────────────────────────────────────────────────────────────────────────
 apply_χ0_schur             1    452ms  100.0%   452ms    406MiB  100.0%   406MiB
   DftHamiltonian m...    113    326ms   72.2%  2.89ms    158MiB   38.8%  1.40MiB
     local+kinetic        113    299ms   66.2%  2.65ms   10.9MiB    2.7%  98.7KiB
     nonlocal             113   8.62ms    1.9%  76.3μs   10.8MiB    2.7%  97.9KiB
 ────────────────────────────────────────────────────────────────────────────────
