--------------------------------------------------------------------------
[[24174,1],0]: A high-performance Open MPI point-to-point messaging module
was unable to find any relevant network interfaces:

Module: OpenFabrics (openib)
  Host: clustern11

Another transport will be used instead, although this may result in
lower performance.

NOTE: You can disable this warning by setting the MCA parameter
btl_base_warn_component_unused to 0.
--------------------------------------------------------------------------

hostname        = clustern11

started on      = 2022-09-05T18:22:32.914
julia threads   = 1
BLAS threads    = 8

a               = 10.0

temperature     = 0.0
smearing        = DFTK.Smearing.None()
lattice         = [0.0 5.0 5.0; 5.0 0.0 5.0; 5.0 5.0 0.0]
Ecut            = 50.0
fft_size        = (48, 48, 48)
kgrid           = [1, 1, 1]
kshift          = [0.0, 0.0, 0.0]
n_irreducible_k = 1
n_bands         = 4
n_electrons     = 8

--------------------------------
n     Energy            log10(ΔE)   log10(Δρ)   α      Diag
---   ---------------   ---------   ---------   ----   ----
  1   -7.287834662718                   -0.45   0.80   12.0
  2   -7.301377807257       -1.87       -1.33   0.80    1.0
  3   -7.302508063037       -2.95       -2.11   0.80    4.0
  4   -7.302513092004       -5.30       -2.48   0.80    4.0
  5   -7.302525948888       -4.89       -2.83   0.80    4.0
  6   -7.302529304972       -5.47       -3.46   0.80    2.0
  7   -7.302529460900       -6.81       -4.14   0.80    4.0
  8   -7.302529464807       -8.41       -4.83   0.80    3.0
  9   -7.302529465034       -9.64       -5.39   0.80    4.0
 10   -7.302529465044      -11.00       -6.04   0.80    3.0
 11   -7.302529465045      -12.12       -6.45   0.80    5.0

--------------------------------
apply_χ0 with extra bands
 ────────────────────────────────────────────────────────────────────────────────
                                        Time                    Allocations      
                               ───────────────────────   ────────────────────────
       Tot / % measured:            5.72s /  64.6%            893MiB /  76.7%    

 Section               ncalls     time    %tot     avg     alloc    %tot      avg
 ────────────────────────────────────────────────────────────────────────────────
 apply_χ0_4P                1    3.70s  100.0%   3.70s    684MiB  100.0%   684MiB
   DftHamiltonian m...    178    836ms   22.6%  4.70ms    201MiB   29.3%  1.13MiB
     local+kinetic        178    489ms   13.2%  2.75ms   11.9MiB    1.7%  68.2KiB
     nonlocal             178    162ms    4.4%   911μs   33.6MiB    4.9%   193KiB
 ────────────────────────────────────────────────────────────────────────────────

--------------------------------
apply_χ0 without extra bands
 ────────────────────────────────────────────────────────────────────────────────
                                        Time                    Allocations      
                               ───────────────────────   ────────────────────────
       Tot / % measured:            705ms / 100.0%            359MiB / 100.0%    

 Section               ncalls     time    %tot     avg     alloc    %tot      avg
 ────────────────────────────────────────────────────────────────────────────────
 apply_χ0_4P                1    705ms  100.0%   705ms    359MiB  100.0%   359MiB
   DftHamiltonian m...    196    595ms   84.3%  3.03ms    192MiB   53.4%  0.98MiB
     local+kinetic        196    529ms   75.1%  2.70ms   13.0MiB    3.6%  68.2KiB
     nonlocal             196   10.9ms    1.5%  55.6μs   12.9MiB    3.6%  67.4KiB
 ────────────────────────────────────────────────────────────────────────────────
