
hostname        = gaspacho

started on      = 2022-09-28T17:13:46.598
julia threads   = 1
BLAS threads    = 4

a               = 10.185714285714287

temperature     = 0.0
smearing        = DFTK.Smearing.None()
lattice         = [0.0 5.093 5.093; 5.093 0.0 5.093; 5.093 5.093 0.0]
Ecut            = 50.0
fft_size        = (48, 48, 48)
kgrid           = [1, 1, 1]
kshift          = [0.0, 0.0, 0.0]
n_irreducible_k = 1
n_bands         = 4
n_electrons     = 8

--------------------------------
n     Energy            log10(ΔE)   log10(Δρ)   α      Diag
---   ---------------   ---------   ---------   ----   ----
  1   -7.312379968158                   -0.47   0.80   13.0
  2   -7.323966686606       -1.94       -1.34   0.80    1.0
  3   -7.324841373549       -3.06       -2.16   0.80    4.0
  4   -7.324841691125       -6.50       -2.52   0.80    3.0
  5   -7.324853137414       -4.94       -2.80   0.80    2.0
  6   -7.324857565966       -5.35       -3.72   0.80    2.0
  7   -7.324857602327       -7.44       -4.16   0.80    6.0
  8   -7.324857606901       -8.34       -4.99   0.80    4.0
  9   -7.324857606952      -10.29       -5.26   0.80    6.0
 10   -7.324857606980      -10.55       -6.05   0.80    4.0
 11   -7.324857606981      -12.16       -6.77   0.80    5.0

--------------------------------
apply_χ0 with extra bands
 ────────────────────────────────────────────────────────────────────────────────
                                        Time                    Allocations      
                               ───────────────────────   ────────────────────────
       Tot / % measured:            364ms / 100.0%            308MiB / 100.0%    

 Section               ncalls     time    %tot     avg     alloc    %tot      avg
 ────────────────────────────────────────────────────────────────────────────────
 apply_χ0_schur             1    364ms  100.0%   364ms    308MiB  100.0%   308MiB
   DftHamiltonian m...     92    215ms   58.9%  2.33ms   90.9MiB   29.6%  0.99MiB
     local+kinetic        100    196ms   53.8%  1.96ms   6.14MiB    2.0%  62.8KiB
     nonlocal              92   6.38ms    1.7%  69.3μs   6.89MiB    2.2%  76.7KiB
 ────────────────────────────────────────────────────────────────────────────────

--------------------------------
apply_χ0 without extra bands
 ────────────────────────────────────────────────────────────────────────────────
                                        Time                    Allocations      
                               ───────────────────────   ────────────────────────
       Tot / % measured:            286ms / 100.0%            252MiB / 100.0%    

 Section               ncalls     time    %tot     avg     alloc    %tot      avg
 ────────────────────────────────────────────────────────────────────────────────
 apply_χ0_schur             1    286ms  100.0%   286ms    252MiB  100.0%   252MiB
   DftHamiltonian m...     98    213ms   74.7%  2.18ms   96.5MiB   38.3%  0.99MiB
     local+kinetic         98    182ms   63.8%  1.86ms   6.82MiB    2.7%  71.3KiB
     nonlocal              98   5.10ms    1.8%  52.1μs   6.75MiB    2.7%  70.5KiB
 ────────────────────────────────────────────────────────────────────────────────
