
hostname        = gaspacho

started on      = 2022-09-28T17:15:06.903
julia threads   = 1
BLAS threads    = 4

a               = 11.316642857142858

temperature     = 0.0
smearing        = DFTK.Smearing.None()
lattice         = [0.0 5.658 5.658; 5.658 0.0 5.658; 5.658 5.658 0.0]
Ecut            = 50.0
fft_size        = (54, 54, 54)
kgrid           = [1, 1, 1]
kshift          = [0.0, 0.0, 0.0]
n_irreducible_k = 1
n_bands         = 4
n_electrons     = 8

--------------------------------
n     Energy            log10(ΔE)   log10(Δρ)   α      Diag
---   ---------------   ---------   ---------   ----   ----
  1   -7.381062257063                   -0.58   0.60   12.0
  2   -7.385038305553       -2.40       -1.02   0.60    1.0
  3   -7.381151321278   +   -2.41       -1.19   0.60    4.0
  4   -7.386531827850       -2.27       -2.10   0.60    1.0
  5   -7.386526554434   +   -5.28       -2.23   0.60    5.0
  6   -7.386476912130   +   -4.30       -2.08   0.60    3.0
  7   -7.386569077541       -4.04       -2.93   0.60    1.0
  8   -7.386570542464       -5.83       -3.27   0.60    4.0
  9   -7.386570886246       -6.46       -3.52   0.60    4.0
 10   -7.386570784856   +   -6.99       -3.44   0.60    4.0
 11   -7.386570923272       -6.86       -3.78   0.60    2.0
 12   -7.386570962244       -7.41       -4.40   0.60    2.0
 13   -7.386570962052   +   -9.72       -4.47   0.60    4.0
 14   -7.386570964055       -8.70       -5.11   0.60    1.0
 15   -7.386570964198       -9.84       -5.65   0.60    5.0
 16   -7.386570964208      -11.01       -6.10   0.60    5.0
 17   -7.386570964208      -13.10       -6.23   0.60    4.0

--------------------------------
apply_χ0 with extra bands
 ────────────────────────────────────────────────────────────────────────────────
                                        Time                    Allocations      
                               ───────────────────────   ────────────────────────
       Tot / % measured:            541ms / 100.0%            445MiB / 100.0%    

 Section               ncalls     time    %tot     avg     alloc    %tot      avg
 ────────────────────────────────────────────────────────────────────────────────
 apply_χ0_schur             1    541ms  100.0%   541ms    445MiB  100.0%   445MiB
   DftHamiltonian m...     96    309ms   57.1%  3.22ms    134MiB   30.2%  1.40MiB
     local+kinetic        104    282ms   52.1%  2.71ms   8.81MiB    2.0%  86.7KiB
     nonlocal              96   10.2ms    1.9%   106μs   9.87MiB    2.2%   105KiB
 ────────────────────────────────────────────────────────────────────────────────

--------------------------------
apply_χ0 without extra bands
 ────────────────────────────────────────────────────────────────────────────────
                                        Time                    Allocations      
                               ───────────────────────   ────────────────────────
       Tot / % measured:            416ms / 100.0%            372MiB / 100.0%    

 Section               ncalls     time    %tot     avg     alloc    %tot      avg
 ────────────────────────────────────────────────────────────────────────────────
 apply_χ0_schur             1    416ms  100.0%   416ms    372MiB  100.0%   372MiB
   DftHamiltonian m...    104    314ms   75.5%  3.02ms    145MiB   39.0%  1.39MiB
     local+kinetic        104    282ms   67.7%  2.71ms   9.95MiB    2.7%  97.9KiB
     nonlocal             104   8.20ms    2.0%  78.8μs   9.87MiB    2.7%  97.1KiB
 ────────────────────────────────────────────────────────────────────────────────
