
hostname        = clustern11

started on      = 2022-09-05T18:26:56.557
julia threads   = 1
BLAS threads    = 8

a               = 11.343214285714286

temperature     = 0.0
smearing        = DFTK.Smearing.None()
lattice         = [0.0 5.672 5.672; 5.672 0.0 5.672; 5.672 5.672 0.0]
Ecut            = 50.0
fft_size        = (54, 54, 54)
kgrid           = [1, 1, 1]
kshift          = [0.0, 0.0, 0.0]
n_irreducible_k = 1
n_bands         = 4
n_electrons     = 8

--------------------------------
n     Energy            log10(ΔE)   log10(Δρ)   α      Diag
---   ---------------   ---------   ---------   ----   ----
  1   -7.381864271867                   -0.58   0.60   13.0
  2   -7.385760429407       -2.41       -1.02   0.60    1.0
  3   -7.382709310229   +   -2.52       -1.25   0.60    2.0
  4   -7.386795046496       -2.39       -2.03   0.60    1.0
  5   -7.386805508009       -4.98       -2.25   0.60    4.0
  6   -7.386878546184       -4.14       -2.62   0.60    4.0
  7   -7.386865200514   +   -4.87       -2.39   0.60    2.0
  8   -7.386887256652       -4.66       -3.21   0.60    3.0
  9   -7.386887691428       -6.36       -3.95   0.60    1.0
 10   -7.386887657480   +   -7.47       -3.71   0.60    4.0
 11   -7.386887707411       -7.30       -4.46   0.60    2.0
 12   -7.386887707251   +   -9.80       -4.44   0.60    2.0
 13   -7.386887708926       -8.78       -4.99   0.60    2.0
 14   -7.386887709071       -9.84       -5.60   0.60    3.0
 15   -7.386887709080      -11.06       -6.08   0.60    4.0
 16   -7.386887709080   +  -13.34       -6.13   0.60    2.0

--------------------------------
apply_χ0 with extra bands
 ────────────────────────────────────────────────────────────────────────────────
                                        Time                    Allocations      
                               ───────────────────────   ────────────────────────
       Tot / % measured:            1.14s / 100.0%            480MiB / 100.0%    

 Section               ncalls     time    %tot     avg     alloc    %tot      avg
 ────────────────────────────────────────────────────────────────────────────────
 apply_χ0_4P                1    1.14s  100.0%   1.14s    480MiB  100.0%   480MiB
   DftHamiltonian m...    182    931ms   81.3%  5.11ms    254MiB   52.9%  1.39MiB
     local+kinetic        182    845ms   73.9%  4.64ms   17.4MiB    3.6%  97.9KiB
     nonlocal             182   14.2ms    1.2%  78.0μs   17.3MiB    3.6%  97.1KiB
 ────────────────────────────────────────────────────────────────────────────────

--------------------------------
apply_χ0 without extra bands
 ────────────────────────────────────────────────────────────────────────────────
                                        Time                    Allocations      
                               ───────────────────────   ────────────────────────
       Tot / % measured:            1.27s / 100.0%            552MiB / 100.0%    

 Section               ncalls     time    %tot     avg     alloc    %tot      avg
 ────────────────────────────────────────────────────────────────────────────────
 apply_χ0_4P                1    1.27s  100.0%   1.27s    552MiB  100.0%   552MiB
   DftHamiltonian m...    210    1.12s   87.9%  5.32ms    293MiB   53.1%  1.39MiB
     local+kinetic        210    978ms   77.0%  4.66ms   20.1MiB    3.6%  97.9KiB
     nonlocal             210   23.8ms    1.9%   113μs   19.9MiB    3.6%  97.1KiB
 ────────────────────────────────────────────────────────────────────────────────
