
hostname        = gaspacho

started on      = 2022-09-28T17:15:29.189
julia threads   = 1
BLAS threads    = 4

a               = 11.336571428571428

temperature     = 0.0
smearing        = DFTK.Smearing.None()
lattice         = [0.0 5.668 5.668; 5.668 0.0 5.668; 5.668 5.668 0.0]
Ecut            = 50.0
fft_size        = (54, 54, 54)
kgrid           = [1, 1, 1]
kshift          = [0.0, 0.0, 0.0]
n_irreducible_k = 1
n_bands         = 4
n_electrons     = 8

--------------------------------
n     Energy            log10(ΔE)   log10(Δρ)   α      Diag
---   ---------------   ---------   ---------   ----   ----
  1   -7.381570352697                   -0.58   0.60   13.0
  2   -7.385325252961       -2.43       -1.02   0.60    1.0
  3   -7.373153398761   +   -1.91       -0.99   0.60    2.0
  4   -7.386759096355       -1.87       -2.09   0.60    2.0
  5   -7.386768734041       -5.02       -2.27   0.60    4.0
  6   -7.386746249376   +   -4.65       -2.16   0.60    3.0
  7   -7.386801832274       -4.26       -2.56   0.60    2.0
  8   -7.386811728009       -5.00       -3.31   0.60    2.0
  9   -7.386811763390       -7.45       -3.25   0.60    4.0
 10   -7.386811967908       -6.69       -3.40   0.60    2.0
 11   -7.386812121025       -6.81       -3.65   0.60    1.0
 12   -7.386812183289       -7.21       -4.26   0.60    2.0
 13   -7.386812187605       -8.36       -4.80   0.60    3.0
 14   -7.386812187909       -9.52       -5.14   0.60    2.0
 15   -7.386812187956      -10.33       -5.61   0.60    3.0
 16   -7.386812187962      -11.23       -5.82   0.60    3.0
 17   -7.386812187965      -11.50       -6.45   0.60    2.0
 18   -7.386812187965      -12.81       -7.00   0.60    3.0

--------------------------------
apply_χ0 with extra bands
 ────────────────────────────────────────────────────────────────────────────────
                                        Time                    Allocations      
                               ───────────────────────   ────────────────────────
       Tot / % measured:            525ms / 100.0%            445MiB / 100.0%    

 Section               ncalls     time    %tot     avg     alloc    %tot      avg
 ────────────────────────────────────────────────────────────────────────────────
 apply_χ0_schur             1    524ms  100.0%   524ms    445MiB  100.0%   445MiB
   DftHamiltonian m...     96    308ms   58.8%  3.21ms    134MiB   30.2%  1.40MiB
     local+kinetic        104    282ms   53.8%  2.71ms   8.81MiB    2.0%  86.7KiB
     nonlocal              96   9.76ms    1.9%   102μs   9.87MiB    2.2%   105KiB
 ────────────────────────────────────────────────────────────────────────────────

--------------------------------
apply_χ0 without extra bands
 ────────────────────────────────────────────────────────────────────────────────
                                        Time                    Allocations      
                               ───────────────────────   ────────────────────────
       Tot / % measured:            424ms / 100.0%            379MiB / 100.0%    

 Section               ncalls     time    %tot     avg     alloc    %tot      avg
 ────────────────────────────────────────────────────────────────────────────────
 apply_χ0_schur             1    424ms  100.0%   424ms    379MiB  100.0%   379MiB
   DftHamiltonian m...    106    310ms   73.1%  2.92ms    148MiB   39.0%  1.39MiB
     local+kinetic        106    284ms   67.0%  2.68ms   10.1MiB    2.7%  97.9KiB
     nonlocal             106   8.41ms    2.0%  79.3μs   10.1MiB    2.7%  97.1KiB
 ────────────────────────────────────────────────────────────────────────────────
