
hostname        = clustern11

started on      = 2022-09-05T18:26:19.958
julia threads   = 1
BLAS threads    = 8

a               = 11.323285714285715

temperature     = 0.0
smearing        = DFTK.Smearing.None()
lattice         = [0.0 5.662 5.662; 5.662 0.0 5.662; 5.662 5.662 0.0]
Ecut            = 50.0
fft_size        = (54, 54, 54)
kgrid           = [1, 1, 1]
kshift          = [0.0, 0.0, 0.0]
n_irreducible_k = 1
n_bands         = 4
n_electrons     = 8

--------------------------------
n     Energy            log10(ΔE)   log10(Δρ)   α      Diag
---   ---------------   ---------   ---------   ----   ----
  1   -7.381633983255                   -0.58   0.60   13.0
  2   -7.385578065794       -2.40       -1.02   0.60    1.0
  3   -7.384410869560   +   -2.93       -1.38   0.60    2.0
  4   -7.386590801297       -2.66       -2.08   0.60    2.0
  5   -7.386647830220       -4.24       -2.64   0.60    4.0
  6   -7.386640065739   +   -5.11       -2.51   0.60    3.0
  7   -7.386652755641       -4.90       -3.05   0.60    2.0
  8   -7.386653543091       -6.10       -3.34   0.60    4.0
  9   -7.386653797923       -6.59       -3.85   0.60    3.0
 10   -7.386653806174       -8.08       -3.90   0.60    4.0
 11   -7.386653825470       -7.71       -4.48   0.60    2.0
 12   -7.386653827200       -8.76       -5.05   0.60    2.0
 13   -7.386653827258      -10.24       -5.30   0.60    4.0
 14   -7.386653827289      -10.50       -5.82   0.60    4.0
 15   -7.386653827291      -11.86       -6.00   0.60    3.0
 16   -7.386653827292      -11.79       -6.86   0.60    3.0
 17   -7.386653827292      -13.64       -7.17   0.60    4.0

--------------------------------
apply_χ0 with extra bands
 ────────────────────────────────────────────────────────────────────────────────
                                        Time                    Allocations      
                               ───────────────────────   ────────────────────────
       Tot / % measured:            1.20s / 100.0%            480MiB / 100.0%    

 Section               ncalls     time    %tot     avg     alloc    %tot      avg
 ────────────────────────────────────────────────────────────────────────────────
 apply_χ0_4P                1    1.20s  100.0%   1.20s    480MiB  100.0%   480MiB
   DftHamiltonian m...    182    952ms   79.3%  5.23ms    254MiB   52.9%  1.39MiB
     local+kinetic        182    838ms   69.9%  4.60ms   17.4MiB    3.6%  97.9KiB
     nonlocal             182   17.4ms    1.5%  95.8μs   17.3MiB    3.6%  97.1KiB
 ────────────────────────────────────────────────────────────────────────────────

--------------------------------
apply_χ0 without extra bands
 ────────────────────────────────────────────────────────────────────────────────
                                        Time                    Allocations      
                               ───────────────────────   ────────────────────────
       Tot / % measured:            1.19s / 100.0%            541MiB / 100.0%    

 Section               ncalls     time    %tot     avg     alloc    %tot      avg
 ────────────────────────────────────────────────────────────────────────────────
 apply_χ0_4P                1    1.19s  100.0%   1.19s    541MiB  100.0%   541MiB
   DftHamiltonian m...    206    1.05s   88.1%  5.09ms    287MiB   53.1%  1.39MiB
     local+kinetic        206    944ms   79.3%  4.58ms   19.7MiB    3.6%  97.9KiB
     nonlocal             206   15.1ms    1.3%  73.1μs   19.5MiB    3.6%  97.1KiB
 ────────────────────────────────────────────────────────────────────────────────
