ElementPsp[ElementPsp(Mn, psp="hgh/pbe/mn-q15.hgh"), ElementPsp(Al, psp="hgh/pbe/al-q3.hgh"), ElementPsp(Fe, psp="hgh/pbe/fe-q16.hgh"), ElementPsp(Fe, psp="hgh/pbe/fe-q16.hgh")]
[5.0, 0.0, 5.0, 5.0]

hostname        = clustern12

started on      = 2022-09-27T16:53:54.001
julia threads   = 1
BLAS threads    = 1
MPI procs       = 8

temperature     = 0.01
smearing        = DFTK.Smearing.Gaussian()
lattice         = [0.0 5.509 5.509; 5.509 0.0 5.509; 5.509 5.509 0.0]
Ecut            = 45.0
fft_size        = (50, 50, 50)
kgrid           = [13, 13, 13]
kshift          = [0.0, 0.0, 0.0]
n_irreducible_k = 280
n_bands         = 35
n_electrons     = 50

--------------------------------
n     Energy            log10(ΔE)   log10(Δρ)   Magnet   α      Diag
---   ---------------   ---------   ---------   ------   ----   ----
  1   -307.6952438966                    0.83    4.000           4.3
  2   -320.7664022886        1.12        0.81    1.737   0.80   10.2
  3   -346.4862803493        1.41        0.40    1.057   0.80    7.7
  4   -343.3184989945   +    0.50        0.25    1.169   0.80    7.3
  5   -350.1635756424        0.84        0.08    2.072   0.80    7.5
  6   -348.1508048903   +    0.30       -0.18    2.285   0.80    7.4
