
hostname        = clustern11

started on      = 2022-09-05T18:25:43.079
julia threads   = 1
BLAS threads    = 8

a               = 11.3

temperature     = 0.0
smearing        = DFTK.Smearing.None()
lattice         = [0.0 5.65 5.65; 5.65 0.0 5.65; 5.65 5.65 0.0]
Ecut            = 50.0
fft_size        = (54, 54, 54)
kgrid           = [1, 1, 1]
kshift          = [0.0, 0.0, 0.0]
n_irreducible_k = 1
n_bands         = 4
n_electrons     = 8

--------------------------------
n     Energy            log10(ΔE)   log10(Δρ)   α      Diag
---   ---------------   ---------   ---------   ----   ----
  1   -7.380844547771                   -0.58   0.80   12.0
  2   -7.385665879197       -2.32       -1.38   0.80    1.0
  3   -7.384310358220   +   -2.87       -1.41   0.80    5.0
  4   -7.386026460592       -2.77       -1.81   0.80    3.0
  5   -7.386334835972       -3.51       -2.52   0.80    2.0
  6   -7.386336155003       -5.88       -2.54   0.80    4.0
  7   -7.386347803014       -4.93       -2.76   0.80    2.0
  8   -7.386352256875       -5.35       -3.52   0.80    3.0
  9   -7.386352315927       -7.23       -3.56   0.80    4.0
 10   -7.386352403224       -7.06       -3.87   0.80    2.0
 11   -7.386352403494       -9.57       -3.85   0.80    3.0
 12   -7.386352430198       -7.57       -4.56   0.80    1.0
 13   -7.386352430977       -9.11       -4.83   0.80    3.0
 14   -7.386352431294       -9.50       -5.38   0.80    1.0
 15   -7.386352431317      -10.65       -5.69   0.80    4.0
 16   -7.386352431323      -11.22       -6.28   0.80    2.0
 17   -7.386352431323      -12.60       -6.68   0.80    4.0

--------------------------------
apply_χ0 with extra bands
 ────────────────────────────────────────────────────────────────────────────────
                                        Time                    Allocations      
                               ───────────────────────   ────────────────────────
       Tot / % measured:            1.17s / 100.0%            476MiB / 100.0%    

 Section               ncalls     time    %tot     avg     alloc    %tot      avg
 ────────────────────────────────────────────────────────────────────────────────
 apply_χ0_4P                1    1.17s  100.0%   1.17s    476MiB  100.0%   476MiB
   DftHamiltonian m...    182    946ms   80.9%  5.20ms    253MiB   53.2%  1.39MiB
     local+kinetic        182    854ms   73.0%  4.69ms   17.1MiB    3.6%  96.4KiB
     nonlocal             182   15.5ms    1.3%  85.3μs   17.0MiB    3.6%  95.6KiB
 ────────────────────────────────────────────────────────────────────────────────

--------------------------------
apply_χ0 without extra bands
 ────────────────────────────────────────────────────────────────────────────────
                                        Time                    Allocations      
                               ───────────────────────   ────────────────────────
       Tot / % measured:            1.24s / 100.0%            547MiB / 100.0%    

 Section               ncalls     time    %tot     avg     alloc    %tot      avg
 ────────────────────────────────────────────────────────────────────────────────
 apply_χ0_4P                1    1.24s  100.0%   1.24s    547MiB  100.0%   547MiB
   DftHamiltonian m...    210    1.09s   87.8%  5.18ms    292MiB   53.4%  1.39MiB
     local+kinetic        210    976ms   78.7%  4.65ms   19.8MiB    3.6%  96.4KiB
     nonlocal             210   18.3ms    1.5%  87.1μs   19.6MiB    3.6%  95.6KiB
 ────────────────────────────────────────────────────────────────────────────────
