
hostname        = clustern11

started on      = 2022-09-05T18:25:55.336
julia threads   = 1
BLAS threads    = 8

a               = 11.31

temperature     = 0.0
smearing        = DFTK.Smearing.None()
lattice         = [0.0 5.655 5.655; 5.655 0.0 5.655; 5.655 5.655 0.0]
Ecut            = 50.0
fft_size        = (54, 54, 54)
kgrid           = [1, 1, 1]
kshift          = [0.0, 0.0, 0.0]
n_irreducible_k = 1
n_bands         = 4
n_electrons     = 8

--------------------------------
n     Energy            log10(ΔE)   log10(Δρ)   α      Diag
---   ---------------   ---------   ---------   ----   ----
  1   -7.380962986455                   -0.58   0.60   12.0
  2   -7.385307234535       -2.36       -1.02   0.60    1.0
  3   -7.385688916057       -3.42       -1.61   0.60    2.0
  4   -7.386342800308       -3.18       -1.93   0.60    3.0
  5   -7.386478983622       -3.87       -2.64   0.60    2.0
  6   -7.386450482416   +   -4.55       -2.30   0.60    6.0
  7   -7.386485142356       -4.46       -3.24   0.60    3.0
  8   -7.386485313677       -6.77       -3.34   0.60    3.0
  9   -7.386485531897       -6.66       -3.59   0.60    2.0
 10   -7.386485571149       -7.41       -3.71   0.60    5.0
 11   -7.386485627304       -7.25       -4.48   0.60    2.0
 12   -7.386485629977       -8.57       -4.90   0.60    5.0
 13   -7.386485630080       -9.99       -4.99   0.60    2.0
 14   -7.386485630188       -9.97       -5.67   0.60    2.0
 15   -7.386485630198      -11.02       -6.07   0.60    4.0
 16   -7.386485630199      -12.12       -6.32   0.60    2.0

--------------------------------
apply_χ0 with extra bands
 ────────────────────────────────────────────────────────────────────────────────
                                        Time                    Allocations      
                               ───────────────────────   ────────────────────────
       Tot / % measured:            1.50s / 100.0%            485MiB / 100.0%    

 Section               ncalls     time    %tot     avg     alloc    %tot      avg
 ────────────────────────────────────────────────────────────────────────────────
 apply_χ0_4P                1    1.50s  100.0%   1.50s    485MiB  100.0%   485MiB
   DftHamiltonian m...    184    1.27s   84.8%  6.92ms    257MiB   52.9%  1.39MiB
     local+kinetic        184    858ms   57.2%  4.67ms   17.6MiB    3.6%  97.9KiB
     nonlocal             184   16.0ms    1.1%  86.8μs   17.5MiB    3.6%  97.1KiB
 ────────────────────────────────────────────────────────────────────────────────

--------------------------------
apply_χ0 without extra bands
 ────────────────────────────────────────────────────────────────────────────────
                                        Time                    Allocations      
                               ───────────────────────   ────────────────────────
       Tot / % measured:            1.26s / 100.0%            557MiB / 100.0%    

 Section               ncalls     time    %tot     avg     alloc    %tot      avg
 ────────────────────────────────────────────────────────────────────────────────
 apply_χ0_4P                1    1.26s  100.0%   1.26s    557MiB  100.0%   557MiB
   DftHamiltonian m...    212    1.10s   87.9%  5.20ms    296MiB   53.1%  1.39MiB
     local+kinetic        212    984ms   78.4%  4.64ms   20.3MiB    3.6%  97.9KiB
     nonlocal             212   18.1ms    1.4%  85.3μs   20.1MiB    3.6%  97.1KiB
 ────────────────────────────────────────────────────────────────────────────────
