
hostname        = gaspacho

started on      = 2022-09-28T17:16:12.884
julia threads   = 1
BLAS threads    = 4

a               = 11.376428571428573

temperature     = 0.0
smearing        = DFTK.Smearing.None()
lattice         = [0.0 5.688 5.688; 5.688 0.0 5.688; 5.688 5.688 0.0]
Ecut            = 50.0
fft_size        = (54, 54, 54)
kgrid           = [1, 1, 1]
kshift          = [0.0, 0.0, 0.0]
n_irreducible_k = 1
n_bands         = 4
n_electrons     = 8

--------------------------------
n     Energy            log10(ΔE)   log10(Δρ)   α      Diag
---   ---------------   ---------   ---------   ----   ----
  1   -7.382226247251                   -0.58   0.60   13.0
  2   -7.385974758714       -2.43       -1.02   0.60    1.0
  3   -7.369425911703   +   -1.78       -0.93   0.60    2.0
  4   -7.387177970738       -1.75       -2.09   0.60    1.0
  5   -7.386716465857   +   -3.34       -1.73   0.60    4.0
  6   -7.387003430792       -3.54       -1.91   0.60    2.0
  7   -7.387189755569       -3.73       -2.26   0.60    3.0
  8   -7.387210311319       -4.69       -2.43   0.60    1.0
  9   -7.387228514252       -4.74       -3.23   0.60    1.0
 10   -7.387228772836       -6.59       -3.26   0.60    4.0
 11   -7.387228772234   +   -9.22       -3.28   0.60    1.0
 12   -7.387228974869       -6.69       -3.41   0.60    2.0
 13   -7.387229153121       -6.75       -3.80   0.60    3.0
 14   -7.387229184929       -7.50       -4.29   0.60    2.0
 15   -7.387229188413       -8.46       -4.69   0.60    4.0
 16   -7.387229188894       -9.32       -5.20   0.60    4.0
 17   -7.387229188949      -10.26       -5.69   0.60    3.0
 18   -7.387229188954      -11.33       -6.01   0.60    3.0
 19   -7.387229188955      -11.94       -6.31   0.60    3.0
 20   -7.387229188955      -12.68       -6.68   0.60    3.0

--------------------------------
apply_χ0 with extra bands
 ────────────────────────────────────────────────────────────────────────────────
                                        Time                    Allocations      
                               ───────────────────────   ────────────────────────
       Tot / % measured:            509ms / 100.0%            440MiB / 100.0%    

 Section               ncalls     time    %tot     avg     alloc    %tot      avg
 ────────────────────────────────────────────────────────────────────────────────
 apply_χ0_schur             1    509ms  100.0%   509ms    440MiB  100.0%   440MiB
   DftHamiltonian m...     95    305ms   59.9%  3.21ms    133MiB   30.2%  1.40MiB
     local+kinetic        103    279ms   54.9%  2.71ms   8.71MiB    2.0%  86.6KiB
     nonlocal              95   9.41ms    1.8%  99.1μs   9.77MiB    2.2%   105KiB
 ────────────────────────────────────────────────────────────────────────────────

--------------------------------
apply_χ0 without extra bands
 ────────────────────────────────────────────────────────────────────────────────
                                        Time                    Allocations      
                               ───────────────────────   ────────────────────────
       Tot / % measured:            423ms / 100.0%            379MiB / 100.0%    

 Section               ncalls     time    %tot     avg     alloc    %tot      avg
 ────────────────────────────────────────────────────────────────────────────────
 apply_χ0_schur             1    423ms  100.0%   423ms    379MiB  100.0%   379MiB
   DftHamiltonian m...    106    310ms   73.3%  2.93ms    148MiB   39.0%  1.39MiB
     local+kinetic        106    284ms   67.2%  2.68ms   10.1MiB    2.7%  97.9KiB
     nonlocal             106   8.50ms    2.0%  80.1μs   10.1MiB    2.7%  97.1KiB
 ────────────────────────────────────────────────────────────────────────────────
