
hostname        = gaspacho

started on      = 2022-09-28T17:15:22.048
julia threads   = 1
BLAS threads    = 4

a               = 11.329928571428573

temperature     = 0.0
smearing        = DFTK.Smearing.None()
lattice         = [0.0 5.665 5.665; 5.665 0.0 5.665; 5.665 5.665 0.0]
Ecut            = 50.0
fft_size        = (54, 54, 54)
kgrid           = [1, 1, 1]
kshift          = [0.0, 0.0, 0.0]
n_irreducible_k = 1
n_bands         = 4
n_electrons     = 8

--------------------------------
n     Energy            log10(ΔE)   log10(Δρ)   α      Diag
---   ---------------   ---------   ---------   ----   ----
  1   -7.381326638370                   -0.58   0.60   12.0
  2   -7.385295726658       -2.40       -1.02   0.60    1.0
  3   -7.377189574494   +   -2.09       -1.07   0.60    2.0
  4   -7.386673930038       -2.02       -2.10   0.60    2.0
  5   -7.386610754702   +   -4.20       -2.05   0.60    5.0
  6   -7.386672557879       -4.21       -2.21   0.60    5.0
  7   -7.386692039085       -4.71       -2.28   0.60    3.0
  8   -7.386733422044       -4.38       -3.07   0.60    3.0
  9   -7.386734045145       -6.21       -3.43   0.60    4.0
 10   -7.386733862345   +   -6.74       -3.29   0.60    2.0
 11   -7.386734196791       -6.48       -3.79   0.60    2.0
 12   -7.386734227647       -7.51       -4.28   0.60    2.0
 13   -7.386734230877       -8.49       -4.75   0.60    3.0
 14   -7.386734231256       -9.42       -5.26   0.60    2.0
 15   -7.386734231281      -10.61       -5.98   0.60    4.0
 16   -7.386734231282      -11.81       -6.29   0.60    4.0
 17   -7.386734231282      -12.53       -6.94   0.60    2.0

--------------------------------
apply_χ0 with extra bands
 ────────────────────────────────────────────────────────────────────────────────
                                        Time                    Allocations      
                               ───────────────────────   ────────────────────────
       Tot / % measured:            514ms / 100.0%            445MiB / 100.0%    

 Section               ncalls     time    %tot     avg     alloc    %tot      avg
 ────────────────────────────────────────────────────────────────────────────────
 apply_χ0_schur             1    514ms  100.0%   514ms    445MiB  100.0%   445MiB
   DftHamiltonian m...     96    319ms   62.0%  3.32ms    134MiB   30.2%  1.40MiB
     local+kinetic        104    285ms   55.5%  2.74ms   8.81MiB    2.0%  86.7KiB
     nonlocal              96   9.49ms    1.8%  98.9μs   9.87MiB    2.2%   105KiB
 ────────────────────────────────────────────────────────────────────────────────

--------------------------------
apply_χ0 without extra bands
 ────────────────────────────────────────────────────────────────────────────────
                                        Time                    Allocations      
                               ───────────────────────   ────────────────────────
       Tot / % measured:            447ms / 100.0%            394MiB / 100.0%    

 Section               ncalls     time    %tot     avg     alloc    %tot      avg
 ────────────────────────────────────────────────────────────────────────────────
 apply_χ0_schur             1    447ms  100.0%   447ms    394MiB  100.0%   394MiB
   DftHamiltonian m...    110    319ms   71.5%  2.90ms    153MiB   39.0%  1.39MiB
     local+kinetic        110    293ms   65.6%  2.66ms   10.5MiB    2.7%  97.9KiB
     nonlocal             110   8.60ms    1.9%  78.2μs   10.4MiB    2.7%  97.1KiB
 ────────────────────────────────────────────────────────────────────────────────
