ElementPsp[ElementPsp(Mn, psp="hgh/pbe/mn-q15.hgh"), ElementPsp(Al, psp="hgh/pbe/al-q3.hgh"), ElementPsp(Fe, psp="hgh/pbe/fe-q16.hgh"), ElementPsp(Fe, psp="hgh/pbe/fe-q16.hgh")]
[5.0, 0.0, 5.0, 5.0]

hostname        = clustern13

started on      = 2022-08-05T09:25:18.099
julia threads   = 1
BLAS threads    = 1
MPI procs       = 8

temperature     = 0.01
smearing        = DFTK.Smearing.Gaussian()
lattice         = [0.0 5.509 5.509; 5.509 0.0 5.509; 5.509 5.509 0.0]
Ecut            = 45.0
fft_size        = (50, 50, 50)
kgrid           = [13, 13, 13]
kshift          = [0.0, 0.0, 0.0]
n_irreducible_k = 280
n_bands         = 35
n_electrons     = 50

--------------------------------
n     Energy            log10(ΔE)   log10(Δρ)   Magnet   α      Diag
---   ---------------   ---------   ---------   ------   ----   ----
  1   -307.6952438060                    0.83    4.000           3.6
  2   -320.7646713064        1.12        0.81    1.737   0.80    5.9
  3   -346.4860319822        1.41        0.40    1.057   0.80    5.8
  4   -343.3191068828   +    0.50        0.25    1.169   0.80    5.7
  5   -350.1635619266        0.84        0.08    2.072   0.80    5.8
  6   -348.1508940026   +    0.30       -0.18    2.285   0.80    5.8
  7   -350.1552378552        0.30       -0.14    2.085   0.80    5.8
  8   -350.1964354448       -1.39       -1.04    2.097   0.80    5.8
  9   -350.2136076852       -1.77       -1.27    2.096   0.80    5.8
 10   -350.2004587375   +   -1.88       -1.45    2.045   0.80    5.9
 11   -350.2163050472       -1.80       -1.24    2.055   0.80    5.8
 12   -350.2164161146       -3.95       -1.76    2.038   0.80    5.8
 13   -350.2164298474       -4.86       -2.07    2.034   0.80    6.4
 14   -350.2165185123       -4.05       -1.81    2.026   0.80    7.1
 15   -350.2165219653       -5.46       -2.90    2.025   0.80    7.1
 16   -350.2165251752       -5.49       -3.41    2.025   0.80    9.3
 17   -350.2165252588       -7.08       -3.82    2.025   0.80   10.7
 18   -350.2165252664       -8.12       -4.16    2.025   0.80   11.9
 19   -350.2165252673       -9.02       -5.39    2.025   0.80   12.7
 20   -350.2165252676       -9.64       -5.56    2.025   0.80   16.2
 21   -350.2165252676      -11.52       -6.02    2.025   0.80   16.7
 22   -350.2165252676      -11.81       -5.72    2.025   0.80   18.0
 23   -350.2165252676      -11.69       -5.44    2.025   0.80   18.0
 24   -350.2165252676      -11.17       -4.85    2.025   0.80   18.0
 25   -350.2165252676      -12.77       -5.22    2.025   0.80   17.9
 26   -350.2165252676   +  -10.84       -5.78    2.025   0.80   18.0
 27   -350.2165252676      -10.85       -5.28    2.025   0.80   18.0
 28   -350.2165252676   +  -12.55       -5.90    2.025   0.80   18.0
 ────────────────────────────────────────────────────────────────────────────────
                                        Time                    Allocations      
                               ───────────────────────   ────────────────────────
       Tot / % measured:            3523s /  99.9%            262GiB / 100.0%    

 Section               ncalls     time    %tot     avg     alloc    %tot      avg
 ────────────────────────────────────────────────────────────────────────────────
 scf_potential_mixing       1    3521s  100.0%   3521s    261GiB  100.0%   261GiB
   LOBPCG               1.01k    3250s   92.3%   3.22s    227GiB   86.9%   231MiB
     DftHamiltonian...  11.4k    1528s   43.4%   134ms   43.2GiB   16.5%  3.89MiB
       local+kinetic     424k    1383s   39.3%  3.26ms    405MiB    0.2%  0.98KiB
       nonlocal         11.4k     137s    3.9%  12.1ms   31.4GiB   12.0%  2.83MiB
     ortho! X vs Y      19.7k     617s   17.5%  31.3ms   9.50GiB    3.6%   505KiB
       ortho!           43.6k     183s    5.2%  4.19ms   6.95GiB    2.7%   167KiB
     rayleigh_ritz      10.4k     441s   12.5%  42.5ms   8.69GiB    3.3%   879KiB
     preconditioning    11.4k    14.5s    0.4%  1.27ms   96.8MiB    0.0%  8.71KiB
     ortho!             1.01k    8.11s    0.2%  8.05ms    168MiB    0.1%   171KiB
   compute_density         28    94.1s    2.7%   3.36s    747MiB    0.3%  26.7MiB
     symmetrize_ρ          28    3.62s    0.1%   129ms    591MiB    0.2%  21.1MiB
       accumulate_o...     56    3.32s    0.1%  59.2ms   3.81MiB    0.0%  69.7KiB
   QR orthonormaliz...  1.01k    33.7s    1.0%  33.4ms   17.0GiB    6.5%  17.3MiB
   energy_hamiltonian      29    31.8s    0.9%   1.10s   11.2GiB    4.3%   394MiB
     ene_ops               29    27.5s    0.8%   948ms   7.09GiB    2.7%   250MiB
       ene_ops: xc         29    11.1s    0.3%   384ms   5.89GiB    2.3%   208MiB
       ene_ops: non...     29    7.84s    0.2%   270ms    147MiB    0.1%  5.09MiB
       ene_ops: kin...     29    880ms    0.0%  30.4ms   12.8MiB    0.0%   452KiB
       ene_ops: har...     29    432ms    0.0%  14.9ms    296MiB    0.1%  10.2MiB
       ene_ops: local      29   26.4ms    0.0%   910μs   56.1MiB    0.0%  1.93MiB
   KerkerMixing            28    1.07s    0.0%  38.2ms    901MiB    0.3%  32.2MiB
 guess_density              1    252ms    0.0%   252ms   41.0MiB    0.0%  41.0MiB
 ────────────────────────────────────────────────────────────────────────────────

--------------------------------
apply_χ0 with extra bands
 ────────────────────────────────────────────────────────────────────────────────
                                        Time                    Allocations      
                               ───────────────────────   ────────────────────────
       Tot / % measured:             440s /  99.6%           99.2GiB /  99.8%    

 Section               ncalls     time    %tot     avg     alloc    %tot      avg
 ────────────────────────────────────────────────────────────────────────────────
 apply_χ0_4P                1     439s  100.0%    439s   99.0GiB  100.0%  99.0GiB
   DftHamiltonian m...  48.0k     208s   47.3%  4.32ms   51.9GiB   52.5%  1.11MiB
     local+kinetic      48.0k     169s   38.5%  3.52ms   3.51GiB    3.6%  76.7KiB
     nonlocal           48.0k    21.4s    4.9%   445μs   3.55GiB    3.6%  77.6KiB
 ────────────────────────────────────────────────────────────────────────────────

--------------------------------
apply_χ0 without extra bands
 ────────────────────────────────────────────────────────────────────────────────
                                        Time                    Allocations      
                               ───────────────────────   ────────────────────────
       Tot / % measured:             608s /  99.8%            169GiB /  99.9%    

 Section               ncalls     time    %tot     avg     alloc    %tot      avg
 ────────────────────────────────────────────────────────────────────────────────
 apply_χ0_4P                1     607s  100.0%    607s    169GiB  100.0%   169GiB
   DftHamiltonian m...  83.8k     358s   59.0%  4.27ms   90.5GiB   53.5%  1.11MiB
     local+kinetic      83.8k     293s   48.4%  3.50ms   6.13GiB    3.6%  76.7KiB
     nonlocal           83.8k    36.6s    6.0%   437μs   6.16GiB    3.6%  77.1KiB
 ────────────────────────────────────────────────────────────────────────────────
