
hostname        = clustern11

started on      = 2022-09-05T18:24:59.912
julia threads   = 1
BLAS threads    = 8

a               = 10.92857142857143

temperature     = 0.0
smearing        = DFTK.Smearing.None()
lattice         = [0.0 5.464 5.464; 5.464 0.0 5.464; 5.464 5.464 0.0]
Ecut            = 50.0
fft_size        = (54, 54, 54)
kgrid           = [1, 1, 1]
kshift          = [0.0, 0.0, 0.0]
n_irreducible_k = 1
n_bands         = 4
n_electrons     = 8

--------------------------------
n     Energy            log10(ΔE)   log10(Δρ)   α      Diag
---   ---------------   ---------   ---------   ----   ----
  1   -7.369832572859                   -0.54   0.80   13.0
  2   -7.376396476500       -2.18       -1.37   0.80    1.0
  3   -7.376993388433       -3.22       -2.18   0.80    5.0
  4   -7.376927777365   +   -4.18       -2.18   0.80    6.0
  5   -7.377007750688       -4.10       -2.60   0.80    5.0
  6   -7.377022347527       -4.84       -3.15   0.80    5.0
  7   -7.377023185156       -6.08       -3.78   0.80    2.0
  8   -7.377023225715       -7.39       -4.49   0.80    2.0
  9   -7.377023227345       -8.79       -5.01   0.80    4.0
 10   -7.377023227402      -10.24       -5.21   0.80    5.0
 11   -7.377023227444      -10.38       -5.87   0.80    3.0
 12   -7.377023227445      -11.82       -6.41   0.80    3.0
 13   -7.377023227445      -12.78       -6.86   0.80    3.0

--------------------------------
apply_χ0 with extra bands
 ────────────────────────────────────────────────────────────────────────────────
                                        Time                    Allocations      
                               ───────────────────────   ────────────────────────
       Tot / % measured:            1.13s / 100.0%            460MiB / 100.0%    

 Section               ncalls     time    %tot     avg     alloc    %tot      avg
 ────────────────────────────────────────────────────────────────────────────────
 apply_χ0_4P                1    1.13s  100.0%   1.13s    460MiB  100.0%   460MiB
   DftHamiltonian m...    184    934ms   82.6%  5.08ms    253MiB   55.1%  1.38MiB
     local+kinetic        184    859ms   75.9%  4.67ms   15.9MiB    3.5%  88.5KiB
     nonlocal             184   12.9ms    1.1%  70.0μs   15.8MiB    3.4%  87.7KiB
 ────────────────────────────────────────────────────────────────────────────────

--------------------------------
apply_χ0 without extra bands
 ────────────────────────────────────────────────────────────────────────────────
                                        Time                    Allocations      
                               ───────────────────────   ────────────────────────
       Tot / % measured:            1.17s / 100.0%            503MiB / 100.0%    

 Section               ncalls     time    %tot     avg     alloc    %tot      avg
 ────────────────────────────────────────────────────────────────────────────────
 apply_χ0_4P                1    1.17s  100.0%   1.17s    503MiB  100.0%   503MiB
   DftHamiltonian m...    202    1.03s   88.7%  5.12ms    278MiB   55.3%  1.38MiB
     local+kinetic        202    946ms   81.2%  4.68ms   17.5MiB    3.5%  88.5KiB
     nonlocal             202   13.9ms    1.2%  68.9μs   17.3MiB    3.4%  87.7KiB
 ────────────────────────────────────────────────────────────────────────────────
