
hostname        = clustern11

started on      = 2022-09-05T18:25:10.436
julia threads   = 1
BLAS threads    = 8

a               = 11.021428571428572

temperature     = 0.0
smearing        = DFTK.Smearing.None()
lattice         = [0.0 5.511 5.511; 5.511 0.0 5.511; 5.511 5.511 0.0]
Ecut            = 50.0
fft_size        = (54, 54, 54)
kgrid           = [1, 1, 1]
kshift          = [0.0, 0.0, 0.0]
n_irreducible_k = 1
n_bands         = 4
n_electrons     = 8

--------------------------------
n     Energy            log10(ΔE)   log10(Δρ)   α      Diag
---   ---------------   ---------   ---------   ----   ----
  1   -7.373896996159                   -0.55   0.80   13.0
  2   -7.379674196004       -2.24       -1.37   0.80    1.0
  3   -7.380186755801       -3.29       -2.21   0.80    5.0
  4   -7.380137904128   +   -4.31       -2.15   0.80    7.0
  5   -7.380209113617       -4.15       -2.91   0.80    6.0
  6   -7.380210885595       -5.75       -3.29   0.80    4.0
  7   -7.380211358558       -6.33       -3.66   0.80    4.0
  8   -7.380211469598       -6.95       -4.40   0.80    4.0
  9   -7.380211471347       -8.76       -4.88   0.80    5.0
 10   -7.380211471569       -9.65       -5.16   0.80    4.0
 11   -7.380211471618      -10.31       -5.58   0.80    3.0
 12   -7.380211471627      -11.05       -6.12   0.80    4.0
 13   -7.380211471627      -12.24       -6.50   0.80    3.0

--------------------------------
apply_χ0 with extra bands
 ────────────────────────────────────────────────────────────────────────────────
                                        Time                    Allocations      
                               ───────────────────────   ────────────────────────
       Tot / % measured:            1.14s / 100.0%            464MiB / 100.0%    

 Section               ncalls     time    %tot     avg     alloc    %tot      avg
 ────────────────────────────────────────────────────────────────────────────────
 apply_χ0_4P                1    1.14s  100.0%   1.14s    464MiB  100.0%   464MiB
   DftHamiltonian m...    184    951ms   83.1%  5.17ms    254MiB   54.7%  1.38MiB
     local+kinetic        184    863ms   75.4%  4.69ms   16.2MiB    3.5%  90.0KiB
     nonlocal             184   13.9ms    1.2%  75.8μs   16.0MiB    3.5%  89.2KiB
 ────────────────────────────────────────────────────────────────────────────────

--------------------------------
apply_χ0 without extra bands
 ────────────────────────────────────────────────────────────────────────────────
                                        Time                    Allocations      
                               ───────────────────────   ────────────────────────
       Tot / % measured:            1.17s / 100.0%            507MiB / 100.0%    

 Section               ncalls     time    %tot     avg     alloc    %tot      avg
 ────────────────────────────────────────────────────────────────────────────────
 apply_χ0_4P                1    1.17s  100.0%   1.17s    507MiB  100.0%   507MiB
   DftHamiltonian m...    202    1.04s   88.9%  5.14ms    279MiB   54.9%  1.38MiB
     local+kinetic        202    946ms   81.0%  4.68ms   17.8MiB    3.5%  90.0KiB
     nonlocal             202   13.8ms    1.2%  68.4μs   17.6MiB    3.5%  89.2KiB
 ────────────────────────────────────────────────────────────────────────────────
