
hostname        = clustern11

started on      = 2022-09-05T18:24:49.114
julia threads   = 1
BLAS threads    = 8

a               = 10.835714285714285

temperature     = 0.0
smearing        = DFTK.Smearing.None()
lattice         = [0.0 5.418 5.418; 5.418 0.0 5.418; 5.418 5.418 0.0]
Ecut            = 50.0
fft_size        = (54, 54, 54)
kgrid           = [1, 1, 1]
kshift          = [0.0, 0.0, 0.0]
n_irreducible_k = 1
n_bands         = 4
n_electrons     = 8

--------------------------------
n     Energy            log10(ΔE)   log10(Δρ)   α      Diag
---   ---------------   ---------   ---------   ----   ----
  1   -7.365615040947                   -0.54   0.80   12.0
  2   -7.372454068862       -2.17       -1.36   0.80    1.0
  3   -7.373131198912       -3.17       -2.07   0.80    6.0
  4   -7.373037102263   +   -4.03       -2.07   0.80    7.0
  5   -7.373179094569       -3.85       -2.52   0.80    6.0
  6   -7.373198887818       -4.70       -3.07   0.80    5.0
  7   -7.373199898874       -6.00       -3.66   0.80    4.0
  8   -7.373199955863       -7.24       -4.16   0.80    3.0
  9   -7.373199961220       -8.27       -4.92   0.80    3.0
 10   -7.373199961395       -9.76       -5.18   0.80    5.0
 11   -7.373199961447      -10.29       -5.91   0.80    3.0
 12   -7.373199961449      -11.65       -6.42   0.80    4.0
 13   -7.373199961449      -12.90       -6.96   0.80    3.0

--------------------------------
apply_χ0 with extra bands
 ────────────────────────────────────────────────────────────────────────────────
                                        Time                    Allocations      
                               ───────────────────────   ────────────────────────
       Tot / % measured:            1.21s / 100.0%            449MiB / 100.0%    

 Section               ncalls     time    %tot     avg     alloc    %tot      avg
 ────────────────────────────────────────────────────────────────────────────────
 apply_χ0_4P                1    1.21s  100.0%   1.21s    449MiB  100.0%   449MiB
   DftHamiltonian m...    184    990ms   81.9%  5.38ms    252MiB   56.1%  1.37MiB
     local+kinetic        184    875ms   72.3%  4.75ms   15.2MiB    3.4%  84.6KiB
     nonlocal             184   19.8ms    1.6%   108μs   15.1MiB    3.4%  83.8KiB
 ────────────────────────────────────────────────────────────────────────────────

--------------------------------
apply_χ0 without extra bands
 ────────────────────────────────────────────────────────────────────────────────
                                        Time                    Allocations      
                               ───────────────────────   ────────────────────────
       Tot / % measured:            1.18s / 100.0%            491MiB / 100.0%    

 Section               ncalls     time    %tot     avg     alloc    %tot      avg
 ────────────────────────────────────────────────────────────────────────────────
 apply_χ0_4P                1    1.18s  100.0%   1.18s    491MiB  100.0%   491MiB
   DftHamiltonian m...    202    1.06s   89.5%  5.24ms    276MiB   56.3%  1.37MiB
     local+kinetic        202    964ms   81.6%  4.77ms   16.7MiB    3.4%  84.6KiB
     nonlocal             202   13.5ms    1.1%  66.9μs   16.5MiB    3.4%  83.8KiB
 ────────────────────────────────────────────────────────────────────────────────
