
hostname        = gaspacho

started on      = 2022-09-28T19:28:29.810
julia threads   = 1
BLAS threads    = 1

a               = 10.557142857142857

temperature     = 0.0
smearing        = DFTK.Smearing.None()
lattice         = [0.0 5.279 5.279; 5.279 0.0 5.279; 5.279 5.279 0.0]
Ecut            = 50.0
fft_size        = (50, 50, 50)
kgrid           = [1, 1, 1]
kshift          = [0.0, 0.0, 0.0]
n_irreducible_k = 1
n_bands         = 4
n_electrons     = 8

--------------------------------
n     Energy            log10(ΔE)   log10(Δρ)   α      Diag
---   ---------------   ---------   ---------   ----   ----
  1   -7.348096641935                   -0.51   0.80   12.0
  2   -7.356565735701       -2.07       -1.35   0.80    1.0
  3   -7.357473252853       -3.04       -2.01   0.80    6.0
  4   -7.357481893293       -5.06       -2.50   0.80    6.0
  5   -7.357479574614   +   -5.63       -2.53   0.80    6.0
  6   -7.357492901458       -4.88       -3.14   0.80    6.0
  7   -7.357493888370       -6.01       -3.76   0.80    5.0
  8   -7.357493932267       -7.36       -4.23   0.80    5.0
  9   -7.357493936588       -8.36       -5.05   0.80    3.0
 10   -7.357493936639      -10.29       -5.40   0.80    5.0
 11   -7.357493936649      -11.01       -6.06   0.80    3.0
 12   -7.357493936650      -12.31       -6.82   0.80    4.0

--------------------------------
apply_χ0 with extra bands
 ────────────────────────────────────────────────────────────────────────────────
                                        Time                    Allocations      
                               ───────────────────────   ────────────────────────
       Tot / % measured:            392ms / 100.0%            351MiB / 100.0%    

 Section               ncalls     time    %tot     avg     alloc    %tot      avg
 ────────────────────────────────────────────────────────────────────────────────
 apply_χ0_schur             1    392ms  100.0%   392ms    351MiB  100.0%   351MiB
   DftHamiltonian m...     93    228ms   58.1%  2.45ms    103MiB   29.4%  1.11MiB
     local+kinetic         95    208ms   53.1%  2.19ms   7.08MiB    2.0%  76.3KiB
     nonlocal              93   6.95ms    1.8%  74.7μs   7.24MiB    2.1%  79.7KiB
 ────────────────────────────────────────────────────────────────────────────────

--------------------------------
apply_χ0 without extra bands
 ────────────────────────────────────────────────────────────────────────────────
                                        Time                    Allocations      
                               ───────────────────────   ────────────────────────
       Tot / % measured:            306ms / 100.0%            281MiB / 100.0%    

 Section               ncalls     time    %tot     avg     alloc    %tot      avg
 ────────────────────────────────────────────────────────────────────────────────
 apply_χ0_schur             1    306ms  100.0%   306ms    281MiB  100.0%   281MiB
   DftHamiltonian m...     98    233ms   76.2%  2.38ms    109MiB   38.8%  1.11MiB
     local+kinetic         98    209ms   68.2%  2.13ms   7.54MiB    2.7%  78.8KiB
     nonlocal              98   6.40ms    2.1%  65.3μs   7.47MiB    2.7%  78.0KiB
 ────────────────────────────────────────────────────────────────────────────────
