
hostname        = clustern11

started on      = 2022-09-05T18:27:20.205
julia threads   = 1
BLAS threads    = 8

a               = 11.3565

temperature     = 0.0
smearing        = DFTK.Smearing.None()
lattice         = [0.0 5.678 5.678; 5.678 0.0 5.678; 5.678 5.678 0.0]
Ecut            = 50.0
fft_size        = (54, 54, 54)
kgrid           = [1, 1, 1]
kshift          = [0.0, 0.0, 0.0]
n_irreducible_k = 1
n_bands         = 4
n_electrons     = 8

--------------------------------
n     Energy            log10(ΔE)   log10(Δρ)   α      Diag
---   ---------------   ---------   ---------   ----   ----
  1   -7.381616433205                   -0.58   0.60   13.0
  2   -7.385873343516       -2.37       -1.02   0.60    1.0
  3   -7.384497180466   +   -2.86       -1.36   0.60    2.0
  4   -7.386747572049       -2.65       -1.81   0.60    1.0
  5   -7.386977684069       -3.64       -2.30   0.60    3.0
  6   -7.386950350282   +   -4.56       -2.12   0.60    5.0
  7   -7.387014469410       -4.19       -2.49   0.60    2.0
  8   -7.387031202240       -4.78       -3.33   0.60    3.0
  9   -7.387031373172       -6.77       -3.52   0.60    3.0
 10   -7.387031325200   +   -7.32       -3.45   0.60    2.0
 11   -7.387031485499       -6.80       -4.18   0.60    1.0
 12   -7.387031490399       -8.31       -4.62   0.60    2.0
 13   -7.387031491315       -9.04       -5.23   0.60    2.0
 14   -7.387031491318      -11.43       -5.31   0.60    4.0
 15   -7.387031491348      -10.54       -5.71   0.60    1.0
 16   -7.387031491352      -11.37       -6.18   0.60    4.0
 17   -7.387031491352      -12.22       -6.58   0.60    1.0

--------------------------------
apply_χ0 with extra bands
 ────────────────────────────────────────────────────────────────────────────────
                                        Time                    Allocations      
                               ───────────────────────   ────────────────────────
       Tot / % measured:            1.22s / 100.0%            480MiB / 100.0%    

 Section               ncalls     time    %tot     avg     alloc    %tot      avg
 ────────────────────────────────────────────────────────────────────────────────
 apply_χ0_4P                1    1.22s  100.0%   1.22s    480MiB  100.0%   480MiB
   DftHamiltonian m...    182    980ms   80.5%  5.38ms    254MiB   52.9%  1.39MiB
     local+kinetic        182    860ms   70.7%  4.73ms   17.4MiB    3.6%  97.9KiB
     nonlocal             182   20.3ms    1.7%   112μs   17.3MiB    3.6%  97.1KiB
 ────────────────────────────────────────────────────────────────────────────────

--------------------------------
apply_χ0 without extra bands
 ────────────────────────────────────────────────────────────────────────────────
                                        Time                    Allocations      
                               ───────────────────────   ────────────────────────
       Tot / % measured:            1.24s / 100.0%            552MiB / 100.0%    

 Section               ncalls     time    %tot     avg     alloc    %tot      avg
 ────────────────────────────────────────────────────────────────────────────────
 apply_χ0_4P                1    1.24s  100.0%   1.24s    552MiB  100.0%   552MiB
   DftHamiltonian m...    210    1.08s   87.2%  5.15ms    293MiB   53.1%  1.39MiB
     local+kinetic        210    983ms   79.3%  4.68ms   20.1MiB    3.6%  97.9KiB
     nonlocal             210   16.2ms    1.3%  77.1μs   19.9MiB    3.6%  97.1KiB
 ────────────────────────────────────────────────────────────────────────────────
