ElementPsp[ElementPsp(Mn, psp="hgh/pbe/mn-q15.hgh"), ElementPsp(Al, psp="hgh/pbe/al-q3.hgh"), ElementPsp(Fe, psp="hgh/pbe/fe-q16.hgh"), ElementPsp(Fe, psp="hgh/pbe/fe-q16.hgh")]
[5.0, 0.0, 5.0, 5.0]

hostname        = clustern10

started on      = 2022-09-28T19:38:41.621
julia threads   = 1
BLAS threads    = 1
MPI procs       = 8

temperature     = 0.01
smearing        = DFTK.Smearing.Gaussian()
lattice         = [0.0 5.509 5.509; 5.509 0.0 5.509; 5.509 5.509 0.0]
Ecut            = 45.0
fft_size        = (50, 50, 50)
kgrid           = [13, 13, 13]
kshift          = [0.0, 0.0, 0.0]
n_irreducible_k = 280
n_bands         = 35
n_electrons     = 50

--------------------------------
n     Energy            log10(ΔE)   log10(Δρ)   Magnet   α      Diag
---   ---------------   ---------   ---------   ------   ----   ----
  1   -307.6957207464                    0.83    4.000           4.3
  2   -320.7665029149        1.12        0.81    1.737   0.80   10.1
  3   -346.4861142119        1.41        0.40    1.057   0.80    7.7
  4   -343.3184800550   +    0.50        0.25    1.169   0.80    7.3
  5   -350.1635683932        0.84        0.08    2.072   0.80    7.5
  6   -348.1504743968   +    0.30       -0.18    2.285   0.80    7.3
  7   -350.1554126793        0.30       -0.14    2.085   0.80    7.4
  8   -350.2078005148       -1.28       -1.04    2.099   0.80    7.4
  9   -350.2134591969       -2.25       -1.45    2.096   0.80    7.4
 10   -350.2004151604   +   -1.88       -1.44    2.045   0.80    7.4
 11   -350.2162898858       -1.80       -1.24    2.055   0.80    7.4
 12   -350.2164018538       -3.95       -1.76    2.038   0.80    7.4
 13   -350.2164289933       -4.57       -2.08    2.034   0.80    8.2
 14   -350.2165173379       -4.05       -1.81    2.026   0.80    9.1
 15   -350.2165207956       -5.46       -2.81    2.025   0.80    9.2
 16   -350.2165250900       -5.37       -3.61    2.025   0.80   11.7
 17   -350.2165252555       -6.78       -3.83    2.025   0.80   14.8
 18   -350.2165252663       -7.97       -3.82    2.025   0.80   15.6
 19   -350.2165252664      -10.52       -4.89    2.025   0.80   15.6
 20   -350.2165252676       -8.91       -5.96    2.025   0.80   19.7
 21   -350.2165252676      -10.96       -6.26    2.025   0.80   24.0
 22   -350.2165252676      -12.25       -6.06    2.025   0.80   25.2
 ────────────────────────────────────────────────────────────────────────────────
                                        Time                    Allocations      
                               ───────────────────────   ────────────────────────
       Tot / % measured:            2241s /  99.9%            156GiB /  99.9%    

 Section               ncalls     time    %tot     avg     alloc    %tot      avg
 ────────────────────────────────────────────────────────────────────────────────
 scf_potential_mixing       1    2239s  100.0%   2239s    156GiB  100.0%   156GiB
   LOBPCG                 792    1888s   84.3%   2.38s    131GiB   83.8%   169MiB
     DftHamiltonian...  8.56k    1053s   47.0%   123ms   26.7GiB   17.1%  3.19MiB
       local+kinetic     241k     963s   43.0%  4.00ms    265MiB    0.2%  1.13KiB
       nonlocal         8.56k    81.5s    3.6%  9.53ms   18.0GiB   11.5%  2.15MiB
     ortho! X vs Y      14.7k     306s   13.7%  20.8ms   4.81GiB    3.1%   342KiB
       ortho!           33.0k    92.2s    4.1%  2.79ms   3.14GiB    2.0%   100KiB
     rayleigh_ritz      7.77k     208s    9.3%  26.8ms   3.92GiB    2.5%   529KiB
     preconditioning    8.56k    13.1s    0.6%  1.53ms   93.1MiB    0.1%  11.1KiB
     ortho!               792    4.91s    0.2%  6.20ms   90.7MiB    0.1%   117KiB
   compute_density         22    72.9s    3.3%   3.31s    597MiB    0.4%  27.1MiB
     symmetrize_ρ          22    3.33s    0.1%   152ms    465MiB    0.3%  21.1MiB
       accumulate_o...     44    3.02s    0.1%  68.6ms   3.00MiB    0.0%  69.7KiB
   energy_hamiltonian      23    29.9s    1.3%   1.30s   9.13GiB    5.9%   406MiB
     ene_ops               23    26.0s    1.2%   1.13s   5.86GiB    3.8%   261MiB
       ene_ops: xc         23    11.1s    0.5%   481ms   4.78GiB    3.1%   213MiB
       ene_ops: non...     23    5.66s    0.3%   246ms    113MiB    0.1%  4.93MiB
       ene_ops: kin...     23    741ms    0.0%  32.2ms   9.25MiB    0.0%   412KiB
       ene_ops: har...     23    481ms    0.0%  20.9ms    238MiB    0.1%  10.4MiB
       ene_ops: local      23   23.4ms    0.0%  1.02ms   44.5MiB    0.0%  1.93MiB
   QR orthonormaliz...    792    21.5s    1.0%  27.1ms   11.0GiB    7.1%  14.3MiB
   KerkerMixing            22    1.06s    0.0%  48.2ms    722MiB    0.5%  32.8MiB
 guess_density              1    276ms    0.0%   276ms   41.0MiB    0.0%  41.0MiB
 ────────────────────────────────────────────────────────────────────────────────

--------------------------------
apply_χ0 with extra bands
 ────────────────────────────────────────────────────────────────────────────────
                                        Time                    Allocations      
                               ───────────────────────   ────────────────────────
       Tot / % measured:             555s /  99.6%            160GiB /  99.9%    

 Section               ncalls     time    %tot     avg     alloc    %tot      avg
 ────────────────────────────────────────────────────────────────────────────────
 apply_χ0_schur             1     552s  100.0%    552s    159GiB  100.0%   159GiB
   DftHamiltonian m...  27.2k     151s   27.3%  5.55ms   29.4GiB   18.5%  1.11MiB
     local+kinetic      27.6k     122s   22.0%  4.42ms   1.99GiB    1.2%  75.7KiB
     nonlocal           27.2k    14.5s    2.6%   535μs   2.04GiB    1.3%  78.6KiB
 ────────────────────────────────────────────────────────────────────────────────

--------------------------------
apply_χ0 without extra bands
 ────────────────────────────────────────────────────────────────────────────────
                                        Time                    Allocations      
                               ───────────────────────   ────────────────────────
       Tot / % measured:             474s /  99.7%            113GiB /  99.9%    

 Section               ncalls     time    %tot     avg     alloc    %tot      avg
 ────────────────────────────────────────────────────────────────────────────────
 apply_χ0_schur             1     473s  100.0%    473s    112GiB  100.0%   112GiB
   DftHamiltonian m...  40.9k     221s   46.8%  5.41ms   44.2GiB   39.3%  1.11MiB
     local+kinetic      40.9k     179s   37.8%  4.37ms   2.99GiB    2.7%  76.7KiB
     nonlocal           40.9k    21.4s    4.5%   524μs   3.01GiB    2.7%  77.1KiB
 ────────────────────────────────────────────────────────────────────────────────
