
hostname        = gaspacho

started on      = 2022-09-28T19:29:11.384
julia threads   = 1
BLAS threads    = 1

a               = 11.207142857142857

temperature     = 0.0
smearing        = DFTK.Smearing.None()
lattice         = [0.0 5.604 5.604; 5.604 0.0 5.604; 5.604 5.604 0.0]
Ecut            = 50.0
fft_size        = (54, 54, 54)
kgrid           = [1, 1, 1]
kshift          = [0.0, 0.0, 0.0]
n_irreducible_k = 1
n_bands         = 4
n_electrons     = 8

--------------------------------
n     Energy            log10(ΔE)   log10(Δρ)   α      Diag
---   ---------------   ---------   ---------   ----   ----
  1   -7.379232049044                   -0.57   0.80   13.0
  2   -7.384263956377       -2.30       -1.38   0.80    1.0
  3   -7.384271890787       -5.10       -1.68   0.80    5.0
  4   -7.384643985258       -3.43       -1.93   0.80    3.0
  5   -7.384833014824       -3.72       -2.68   0.80    2.0
  6   -7.384834160273       -5.94       -2.83   0.80    4.0
  7   -7.384839002296       -5.31       -3.26   0.80    4.0
  8   -7.384839615668       -6.21       -3.73   0.80    4.0
  9   -7.384839590955   +   -7.61       -3.67   0.80    4.0
 10   -7.384839654097       -7.20       -4.60   0.80    2.0
 11   -7.384839655386       -8.89       -4.86   0.80    5.0
 12   -7.384839655517       -9.88       -5.01   0.80    3.0
 13   -7.384839655647       -9.89       -5.40   0.80    3.0
 14   -7.384839655671      -10.62       -6.20   0.80    2.0
 15   -7.384839655671      -12.27       -6.44   0.80    4.0

--------------------------------
apply_χ0 with extra bands
 ────────────────────────────────────────────────────────────────────────────────
                                        Time                    Allocations      
                               ───────────────────────   ────────────────────────
       Tot / % measured:            576ms / 100.0%            426MiB / 100.0%    

 Section               ncalls     time    %tot     avg     alloc    %tot      avg
 ────────────────────────────────────────────────────────────────────────────────
 apply_χ0_schur             1    576ms  100.0%   576ms    426MiB  100.0%   426MiB
   DftHamiltonian m...     93    362ms   62.8%  3.89ms    129MiB   30.3%  1.39MiB
     local+kinetic         95    322ms   55.8%  3.39ms   8.49MiB    2.0%  91.5KiB
     nonlocal              93   10.2ms    1.8%   110μs   8.69MiB    2.0%  95.7KiB
 ────────────────────────────────────────────────────────────────────────────────

--------------------------------
apply_χ0 without extra bands
 ────────────────────────────────────────────────────────────────────────────────
                                        Time                    Allocations      
                               ───────────────────────   ────────────────────────
       Tot / % measured:            474ms / 100.0%            367MiB / 100.0%    

 Section               ncalls     time    %tot     avg     alloc    %tot      avg
 ────────────────────────────────────────────────────────────────────────────────
 apply_χ0_schur             1    474ms  100.0%   474ms    367MiB  100.0%   367MiB
   DftHamiltonian m...    105    358ms   75.4%  3.41ms    146MiB   39.7%  1.39MiB
     local+kinetic        105    328ms   69.2%  3.13ms   9.69MiB    2.6%  94.5KiB
     nonlocal             105   10.5ms    2.2%   100μs   9.61MiB    2.6%  93.7KiB
 ────────────────────────────────────────────────────────────────────────────────
