
hostname        = gaspacho

started on      = 2022-09-28T17:14:39.863
julia threads   = 1
BLAS threads    = 4

a               = 11.114285714285714

temperature     = 0.0
smearing        = DFTK.Smearing.None()
lattice         = [0.0 5.557 5.557; 5.557 0.0 5.557; 5.557 5.557 0.0]
Ecut            = 50.0
fft_size        = (54, 54, 54)
kgrid           = [1, 1, 1]
kshift          = [0.0, 0.0, 0.0]
n_irreducible_k = 1
n_bands         = 4
n_electrons     = 8

--------------------------------
n     Energy            log10(ΔE)   log10(Δρ)   α      Diag
---   ---------------   ---------   ---------   ----   ----
  1   -7.376757660889                   -0.56   0.80   12.0
  2   -7.382251003015       -2.26       -1.38   0.80    1.0
  3   -7.382775725891       -3.28       -2.20   0.80    4.0
  4   -7.382676044141   +   -4.00       -2.04   0.80    6.0
  5   -7.382802241518       -3.90       -2.93   0.80    5.0
  6   -7.382804403502       -5.67       -3.73   0.80    3.0
  7   -7.382804411974       -8.07       -3.78   0.80    5.0
  8   -7.382804470106       -7.24       -4.50   0.80    4.0
  9   -7.382804471968       -8.73       -5.25   0.80    3.0
 10   -7.382804471997      -10.55       -5.57   0.80    5.0
 11   -7.382804472005      -11.10       -6.00   0.80    3.0
 12   -7.382804472005      -12.91       -6.02   0.80    5.0

--------------------------------
apply_χ0 with extra bands
 ────────────────────────────────────────────────────────────────────────────────
                                        Time                    Allocations      
                               ───────────────────────   ────────────────────────
       Tot / % measured:            516ms / 100.0%            426MiB / 100.0%    

 Section               ncalls     time    %tot     avg     alloc    %tot      avg
 ────────────────────────────────────────────────────────────────────────────────
 apply_χ0_schur             1    516ms  100.0%   516ms    426MiB  100.0%   426MiB
   DftHamiltonian m...     96    319ms   61.9%  3.33ms    133MiB   31.3%  1.39MiB
     local+kinetic        104    286ms   55.5%  2.75ms   8.30MiB    1.9%  81.7KiB
     nonlocal              96   8.65ms    1.7%  90.1μs   9.29MiB    2.2%  99.1KiB
 ────────────────────────────────────────────────────────────────────────────────

--------------------------------
apply_χ0 without extra bands
 ────────────────────────────────────────────────────────────────────────────────
                                        Time                    Allocations      
                               ───────────────────────   ────────────────────────
       Tot / % measured:            397ms / 100.0%            351MiB / 100.0%    

 Section               ncalls     time    %tot     avg     alloc    %tot      avg
 ────────────────────────────────────────────────────────────────────────────────
 apply_χ0_schur             1    397ms  100.0%   397ms    351MiB  100.0%   351MiB
   DftHamiltonian m...    102    303ms   76.2%  2.97ms    141MiB   40.2%  1.38MiB
     local+kinetic        102    271ms   68.3%  2.66ms   9.19MiB    2.6%  92.2KiB
     nonlocal             102   7.52ms    1.9%  73.7μs   9.11MiB    2.6%  91.5KiB
 ────────────────────────────────────────────────────────────────────────────────
