
hostname        = clustern11

started on      = 2022-09-05T18:27:32.352
julia threads   = 1
BLAS threads    = 8

a               = 11.363142857142858

temperature     = 0.0
smearing        = DFTK.Smearing.None()
lattice         = [0.0 5.682 5.682; 5.682 0.0 5.682; 5.682 5.682 0.0]
Ecut            = 50.0
fft_size        = (54, 54, 54)
kgrid           = [1, 1, 1]
kshift          = [0.0, 0.0, 0.0]
n_irreducible_k = 1
n_bands         = 4
n_electrons     = 8

--------------------------------
n     Energy            log10(ΔE)   log10(Δρ)   α      Diag
---   ---------------   ---------   ---------   ----   ----
  1   -7.382125697092                   -0.58   0.60   12.0
  2   -7.385773323354       -2.44       -1.02   0.60    1.0
  3   -7.370699865653   +   -1.82       -0.95   0.60    2.0
  4   -7.387053065742       -1.79       -2.11   0.60    1.0
  5   -7.386827403087   +   -3.65       -1.87   0.60    5.0
  6   -7.386842906860       -4.81       -1.87   0.60    3.0
  7   -7.387067961333       -3.65       -2.32   0.60    3.0
  8   -7.387090883501       -4.64       -2.60   0.60    3.0
  9   -7.387097692131       -5.17       -2.91   0.60    1.0
 10   -7.387099286759       -5.80       -3.22   0.60    2.0
 11   -7.387099650984       -6.44       -3.52   0.60    2.0
 12   -7.387099763397       -6.95       -4.04   0.60    2.0
 13   -7.387099774754       -7.94       -4.51   0.60    2.0
 14   -7.387099774529   +   -9.65       -4.50   0.60    2.0
 15   -7.387099775731       -8.92       -5.40   0.60    2.0
 16   -7.387099775758      -10.57       -5.61   0.60    4.0
 17   -7.387099775757   +  -11.84       -5.61   0.60    4.0
 18   -7.387099775765      -11.08       -6.31   0.60    1.0
 19   -7.387099775765      -12.52       -6.71   0.60    4.0

--------------------------------
apply_χ0 with extra bands
 ────────────────────────────────────────────────────────────────────────────────
                                        Time                    Allocations      
                               ───────────────────────   ────────────────────────
       Tot / % measured:            1.34s / 100.0%            480MiB / 100.0%    

 Section               ncalls     time    %tot     avg     alloc    %tot      avg
 ────────────────────────────────────────────────────────────────────────────────
 apply_χ0_4P                1    1.34s  100.0%   1.34s    480MiB  100.0%   480MiB
   DftHamiltonian m...    182    1.12s   83.5%  6.15ms    254MiB   52.9%  1.39MiB
     local+kinetic        182    851ms   63.4%  4.68ms   17.4MiB    3.6%  97.9KiB
     nonlocal             182   15.9ms    1.2%  87.1μs   17.3MiB    3.6%  97.1KiB
 ────────────────────────────────────────────────────────────────────────────────

--------------------------------
apply_χ0 without extra bands
 ────────────────────────────────────────────────────────────────────────────────
                                        Time                    Allocations      
                               ───────────────────────   ────────────────────────
       Tot / % measured:            1.30s / 100.0%            578MiB / 100.0%    

 Section               ncalls     time    %tot     avg     alloc    %tot      avg
 ────────────────────────────────────────────────────────────────────────────────
 apply_χ0_4P                1    1.30s  100.0%   1.30s    578MiB  100.0%   578MiB
   DftHamiltonian m...    220    1.14s   87.4%  5.16ms    307MiB   53.1%  1.39MiB
     local+kinetic        220    1.03s   79.0%  4.66ms   21.0MiB    3.6%  97.9KiB
     nonlocal             220   16.1ms    1.2%  73.3μs   20.9MiB    3.6%  97.1KiB
 ────────────────────────────────────────────────────────────────────────────────
