
hostname        = clustern13

started on      = 2022-09-28T21:08:43.417
julia threads   = 1
BLAS threads    = 1
MPI procs       = 8

temperature     = 0.001
smearing        = DFTK.Smearing.FermiDirac()
lattice         = [7.653 0.0 0.0; 0.0 7.653 0.0; 0.0 0.0 76.53]
Ecut            = 40.0
fft_size        = (45, 45, 450)
kgrid           = [3, 3, 1]
kshift          = [0.0, 0.0, 0.0]
n_irreducible_k = 9
n_bands         = 72
n_electrons     = 120
mixing          = KerkerMixing(0.8, 0.0)

--------------------------------
n     Energy            log10(ΔE)   log10(Δρ)   α      Diag
---   ---------------   ---------   ---------   ----   ----
  1   -82.89652740948                   -0.37   0.80   12.5
  2   -82.91413822020       -1.75       -0.85   0.80    1.0
  3   -82.91936419657       -2.28       -2.21   0.80    2.8
  4   -82.92011398952       -3.13       -2.72   0.80    6.4
  5   -82.91963179347   +   -3.32       -2.97   0.80    2.4
  6   -82.92027079750       -3.19       -3.31   0.80    4.0
  7   -82.92045395184       -3.74       -4.30   0.80    2.9
  8   -82.92045442339       -6.33       -4.75   0.80    4.0
  9   -82.92045443478       -7.94       -5.42   0.80    4.3
 10   -82.92045443502       -9.61       -5.95   0.80    3.5
 11   -82.92045443504      -10.66       -6.54   0.80    3.5
 12   -82.92045443505      -11.41       -7.31   0.80    3.5
 13   -82.92045443505      -12.89       -7.73   0.80    2.5
 ────────────────────────────────────────────────────────────────────────────────
                                        Time                    Allocations      
                               ───────────────────────   ────────────────────────
       Tot / % measured:            1333s /  99.9%           88.7GiB /  99.9%    

 Section               ncalls     time    %tot     avg     alloc    %tot      avg
 ────────────────────────────────────────────────────────────────────────────────
 self_consistent_field      1    1330s   99.9%   1330s   88.6GiB   99.9%  88.6GiB
   LOBPCG                  26    1159s   87.1%   44.6s   57.5GiB   64.9%  2.21GiB
     DftHamiltonian...    141     553s   41.6%   3.92s   9.34GiB   10.5%  67.9MiB
       local+kinetic    10.0k     413s   31.0%  41.5ms   88.8MiB    0.1%  9.14KiB
       nonlocal           141     139s   10.4%   985ms   8.22GiB    9.3%  59.7MiB
     ortho! X vs Y        204     221s   16.6%   1.09s   1.15GiB    1.3%  5.77MiB
       ortho!             452    67.3s    5.1%   149ms    243MiB    0.3%   549KiB
     rayleigh_ritz        115     147s   11.0%   1.28s    305MiB    0.3%  2.65MiB
     ortho!                26    7.76s    0.6%   299ms   16.3MiB    0.0%   642KiB
     preconditioning      141    4.24s    0.3%  30.1ms   84.6MiB    0.1%   615KiB
   energy_hamiltonian      27    81.4s    6.1%   3.01s   23.5GiB   26.5%   890MiB
     ene_ops               27    78.0s    5.9%   2.89s   21.8GiB   24.6%   828MiB
       ene_ops: xc         27    32.9s    2.5%   1.22s   18.8GiB   21.2%   714MiB
       ene_ops: non...     27    31.1s    2.3%   1.15s    106MiB    0.1%  3.92MiB
       ene_ops: har...     27    2.52s    0.2%  93.5ms   1.85GiB    2.1%  70.2MiB
       ene_ops: kin...     27    880ms    0.1%  32.6ms   3.06MiB    0.0%   116KiB
       ene_ops: local      27    282ms    0.0%  10.5ms    375MiB    0.4%  13.9MiB
   compute_density         13    57.0s    4.3%   4.38s   1.28GiB    1.4%   101MiB
     symmetrize_ρ          13    1.29s    0.1%  99.4ms   0.97GiB    1.1%  76.5MiB
       accumulate_o...     13   50.0ms    0.0%  3.85ms     0.00B    0.0%    0.00B
   QR orthonormaliz...     26    3.01s    0.2%   116ms    703MiB    0.8%  27.1MiB
   KerkerMixing            13    1.66s    0.1%   127ms   1.72GiB    1.9%   136MiB
 guess_density              1    1.48s    0.1%   1.48s   70.2MiB    0.1%  70.2MiB
 ────────────────────────────────────────────────────────────────────────────────

--------------------------------
apply_χ0 with extra bands
 ────────────────────────────────────────────────────────────────────────────────
                                        Time                    Allocations      
                               ───────────────────────   ────────────────────────
       Tot / % measured:            2074s /  99.9%            353GiB /  99.9%    

 Section               ncalls     time    %tot     avg     alloc    %tot      avg
 ────────────────────────────────────────────────────────────────────────────────
 apply_χ0_schur             1    2072s  100.0%   2072s    353GiB  100.0%   353GiB
   DftHamiltonian m...  3.24k     237s   11.4%  73.1ms   27.4GiB    7.8%  8.64MiB
     local+kinetic      3.29k     142s    6.9%  43.2ms   2.62GiB    0.7%   834KiB
     nonlocal           3.24k    87.2s    4.2%  26.9ms   2.69GiB    0.8%   871KiB
 ────────────────────────────────────────────────────────────────────────────────

--------------------------------
apply_χ0 without extra bands
 ────────────────────────────────────────────────────────────────────────────────
                                        Time                    Allocations      
                               ───────────────────────   ────────────────────────
       Tot / % measured:             911s /  99.9%            120GiB /  99.9%    

 Section               ncalls     time    %tot     avg     alloc    %tot      avg
 ────────────────────────────────────────────────────────────────────────────────
 apply_χ0_schur             1     909s  100.0%    909s    120GiB  100.0%   120GiB
   DftHamiltonian m...  4.43k     316s   34.7%  71.2ms   37.3GiB   31.1%  8.62MiB
     local+kinetic      4.43k     190s   20.9%  43.0ms   3.58GiB    3.0%   848KiB
     nonlocal           4.43k     115s   12.6%  25.9ms   3.60GiB    3.0%   853KiB
 ────────────────────────────────────────────────────────────────────────────────
