
hostname        = gaspacho

started on      = 2022-09-28T17:16:28.812
julia threads   = 1
BLAS threads    = 4

a               = 11.389714285714286

temperature     = 0.0
smearing        = DFTK.Smearing.None()
lattice         = [0.0 5.695 5.695; 5.695 0.0 5.695; 5.695 5.695 0.0]
Ecut            = 50.0
fft_size        = (54, 54, 54)
kgrid           = [1, 1, 1]
kshift          = [0.0, 0.0, 0.0]
n_irreducible_k = 1
n_bands         = 4
n_electrons     = 8

--------------------------------
n     Energy            log10(ΔE)   log10(Δρ)   α      Diag
---   ---------------   ---------   ---------   ----   ----
  1   -7.382459834864                   -0.59   0.60   13.0
  2   -7.385899899570       -2.46       -1.02   0.60    1.0
  3   -7.357787638528   +   -1.55       -0.82   0.60    2.0
  4   -7.386822523620       -1.54       -1.68   0.60    2.0
  5   -7.387194358896       -3.43       -1.96   0.60    3.0
  6   -7.384932094511   +   -2.65       -1.38   0.60    3.0
  7   -7.387199744771       -2.64       -1.98   0.60    2.0
  8   -7.387340265642       -3.85       -2.61   0.60    1.0
  9   -7.387338110574   +   -5.67       -2.55   0.60    2.0
 10   -7.387348741915       -4.97       -3.21   0.60    1.0
 11   -7.387349029274       -6.54       -3.36   0.60    3.0
 12   -7.387349004973   +   -7.61       -3.35   0.60    1.0
 13   -7.387349220047       -6.67       -3.78   0.60    1.0
 14   -7.387349233202       -7.88       -3.90   0.60    1.0
 15   -7.387349253558       -7.69       -4.55   0.60    2.0
 16   -7.387349253660       -9.99       -4.56   0.60    4.0
 17   -7.387349254509       -9.07       -5.07   0.60    1.0
 18   -7.387349254578      -10.16       -5.36   0.60    3.0
 19   -7.387349254606      -10.55       -6.01   0.60    1.0
 20   -7.387349254607      -12.24       -6.15   0.60    3.0

--------------------------------
apply_χ0 with extra bands
 ────────────────────────────────────────────────────────────────────────────────
                                        Time                    Allocations      
                               ───────────────────────   ────────────────────────
       Tot / % measured:            521ms / 100.0%            448MiB / 100.0%    

 Section               ncalls     time    %tot     avg     alloc    %tot      avg
 ────────────────────────────────────────────────────────────────────────────────
 apply_χ0_schur             1    521ms  100.0%   521ms    448MiB  100.0%   448MiB
   DftHamiltonian m...     96    318ms   61.0%  3.31ms    134MiB   30.0%  1.40MiB
     local+kinetic        104    284ms   54.5%  2.73ms   8.87MiB    2.0%  87.4KiB
     nonlocal              96   9.67ms    1.9%   101μs   9.94MiB    2.2%   106KiB
 ────────────────────────────────────────────────────────────────────────────────

--------------------------------
apply_χ0 without extra bands
 ────────────────────────────────────────────────────────────────────────────────
                                        Time                    Allocations      
                               ───────────────────────   ────────────────────────
       Tot / % measured:            461ms / 100.0%            406MiB / 100.0%    

 Section               ncalls     time    %tot     avg     alloc    %tot      avg
 ────────────────────────────────────────────────────────────────────────────────
 apply_χ0_schur             1    461ms  100.0%   461ms    406MiB  100.0%   406MiB
   DftHamiltonian m...    113    341ms   73.9%  3.02ms    158MiB   38.8%  1.40MiB
     local+kinetic        113    305ms   66.1%  2.70ms   10.9MiB    2.7%  98.7KiB
     nonlocal             113   9.64ms    2.1%  85.3μs   10.8MiB    2.7%  97.9KiB
 ────────────────────────────────────────────────────────────────────────────────
