
hostname        = gaspacho

started on      = 2022-09-28T19:28:34.543
julia threads   = 1
BLAS threads    = 1

a               = 10.65

temperature     = 0.0
smearing        = DFTK.Smearing.None()
lattice         = [0.0 5.325 5.325; 5.325 0.0 5.325; 5.325 5.325 0.0]
Ecut            = 50.0
fft_size        = (50, 50, 50)
kgrid           = [1, 1, 1]
kshift          = [0.0, 0.0, 0.0]
n_irreducible_k = 1
n_bands         = 4
n_electrons     = 8

--------------------------------
n     Energy            log10(ΔE)   log10(Δρ)   α      Diag
---   ---------------   ---------   ---------   ----   ----
  1   -7.354404524939                   -0.52   0.80   13.0
  2   -7.362706086955       -2.08       -1.36   0.80    1.0
  3   -7.363463528255       -3.12       -2.21   0.80    4.0
  4   -7.363460700612   +   -5.55       -2.45   0.80    5.0
  5   -7.363477783288       -4.77       -2.92   0.80    4.0
  6   -7.363479662640       -5.73       -3.22   0.80    4.0
  7   -7.363480439180       -6.11       -4.00   0.80    4.0
  8   -7.363480455452       -7.79       -4.46   0.80    5.0
  9   -7.363480456552       -8.96       -5.32   0.80    3.0
 10   -7.363480456574      -10.67       -5.77   0.80    5.0
 11   -7.363480456576      -11.60       -6.00   0.80    4.0
 12   -7.363480456578      -11.85       -7.06   0.80    3.0
 13   -7.363480456578      -13.69       -7.31   0.80    5.0

--------------------------------
apply_χ0 with extra bands
 ────────────────────────────────────────────────────────────────────────────────
                                        Time                    Allocations      
                               ───────────────────────   ────────────────────────
       Tot / % measured:            412ms / 100.0%            355MiB / 100.0%    

 Section               ncalls     time    %tot     avg     alloc    %tot      avg
 ────────────────────────────────────────────────────────────────────────────────
 apply_χ0_schur             1    412ms  100.0%   412ms    355MiB  100.0%   355MiB
   DftHamiltonian m...     93    248ms   60.3%  2.67ms    103MiB   29.2%  1.11MiB
     local+kinetic         95    217ms   52.6%  2.28ms   7.18MiB    2.0%  77.4KiB
     nonlocal              93   8.19ms    2.0%  88.1μs   7.34MiB    2.1%  80.8KiB
 ────────────────────────────────────────────────────────────────────────────────

--------------------------------
apply_χ0 without extra bands
 ────────────────────────────────────────────────────────────────────────────────
                                        Time                    Allocations      
                               ───────────────────────   ────────────────────────
       Tot / % measured:            325ms / 100.0%            286MiB / 100.0%    

 Section               ncalls     time    %tot     avg     alloc    %tot      avg
 ────────────────────────────────────────────────────────────────────────────────
 apply_χ0_schur             1    325ms  100.0%   325ms    286MiB  100.0%   286MiB
   DftHamiltonian m...     99    240ms   73.8%  2.42ms    110MiB   38.5%  1.11MiB
     local+kinetic         99    218ms   67.0%  2.20ms   7.73MiB    2.7%  79.9KiB
     nonlocal              99   7.80ms    2.4%  78.8μs   7.65MiB    2.7%  79.1KiB
 ────────────────────────────────────────────────────────────────────────────────
