
hostname        = clustern11

started on      = 2022-09-05T18:24:39.148
julia threads   = 1
BLAS threads    = 8

a               = 10.742857142857144

temperature     = 0.0
smearing        = DFTK.Smearing.None()
lattice         = [0.0 5.371 5.371; 5.371 0.0 5.371; 5.371 5.371 0.0]
Ecut            = 50.0
fft_size        = (54, 54, 54)
kgrid           = [1, 1, 1]
kshift          = [0.0, 0.0, 0.0]
n_irreducible_k = 1
n_bands         = 4
n_electrons     = 8

--------------------------------
n     Energy            log10(ΔE)   log10(Δρ)   α      Diag
---   ---------------   ---------   ---------   ----   ----
  1   -7.361055585778                   -0.53   0.80   13.0
  2   -7.368094847703       -2.15       -1.36   0.80    1.0
  3   -7.368691423571       -3.22       -2.28   0.80    3.0
  4   -7.368698315469       -5.16       -2.88   0.80    4.0
  5   -7.368699230949       -6.04       -3.06   0.80    5.0
  6   -7.368700309291       -5.97       -3.93   0.80    3.0
  7   -7.368700317870       -8.07       -4.20   0.80    5.0
  8   -7.368700323176       -8.28       -4.64   0.80    6.0
  9   -7.368700324182       -9.00       -5.20   0.80    4.0
 10   -7.368700324245      -10.20       -5.85   0.80    4.0
 11   -7.368700324246      -11.73       -6.11   0.80    5.0
 12   -7.368700324247      -12.18       -6.86   0.80    3.0

--------------------------------
apply_χ0 with extra bands
 ────────────────────────────────────────────────────────────────────────────────
                                        Time                    Allocations      
                               ───────────────────────   ────────────────────────
       Tot / % measured:            1.12s / 100.0%            439MiB / 100.0%    

 Section               ncalls     time    %tot     avg     alloc    %tot      avg
 ────────────────────────────────────────────────────────────────────────────────
 apply_χ0_4P                1    1.12s  100.0%   1.12s    439MiB  100.0%   439MiB
   DftHamiltonian m...    182    930ms   83.0%  5.11ms    248MiB   56.6%  1.37MiB
     local+kinetic        182    849ms   75.8%  4.67ms   14.7MiB    3.3%  82.7KiB
     nonlocal             182   13.5ms    1.2%  74.1μs   14.6MiB    3.3%  82.0KiB
 ────────────────────────────────────────────────────────────────────────────────

--------------------------------
apply_χ0 without extra bands
 ────────────────────────────────────────────────────────────────────────────────
                                        Time                    Allocations      
                               ───────────────────────   ────────────────────────
       Tot / % measured:            1.12s / 100.0%            476MiB / 100.0%    

 Section               ncalls     time    %tot     avg     alloc    %tot      avg
 ────────────────────────────────────────────────────────────────────────────────
 apply_χ0_4P                1    1.12s  100.0%   1.12s    476MiB  100.0%   476MiB
   DftHamiltonian m...    198    1.01s   89.9%  5.11ms    270MiB   56.8%  1.37MiB
     local+kinetic        198    921ms   82.0%  4.65ms   16.0MiB    3.4%  82.7KiB
     nonlocal             198   12.7ms    1.1%  64.3μs   15.8MiB    3.3%  82.0KiB
 ────────────────────────────────────────────────────────────────────────────────
