
==========================================================
ik = 1

Starting point
--------------
ξ = 3.5368606858028087
N_extra = 6

Starting adaptive algorithm
---------------------------
residual = 0.0006875672129985744
(ε_extra[end] - ε[N]) / 50 = 0.001005518205221525
ε_extra[end] = 0.4093997858224344
ξ = 3.04023016492377
N_extra = 7

residual = 0.0008940118474481354
(ε_extra[end] - ε[N]) / 50 = 0.0010076574143812623
ε_extra[end] = 0.4095067462804213
ξ = 3.037350812252107
N_extra = 8

residual = 0.0007598164744973356
(ε_extra[end] - ε[N]) / 50 = 0.0010834976196289281
ε_extra[end] = 0.41329875654280457
ξ = 2.9410457484859682
N_extra = 9

residual = 0.0009026027567163943
(ε_extra[end] - ε[N]) / 50 = 0.0010833359024015798
ε_extra[end] = 0.41329067068143716
ξ = 2.941239879216747
N_extra = 10

residual = 0.000934553081951474
(ε_extra[end] - ε[N]) / 50 = 0.0010836021372556436
ε_extra[end] = 0.41330398242414035
ξ = 2.940920306066886
N_extra = 11

residual = 0.0010429526568313387
(ε_extra[end] - ε[N]) / 50 = 0.001083259036584464
ε_extra[end] = 0.41328682739058137
ξ = 2.9413321673254296
N_extra = 12

residual = 0.0008683458778195322
(ε_extra[end] - ε[N]) / 50 = 0.0016319863949446213
ε_extra[end] = 0.4407231953085892
ξ = 2.465516480727473
N_extra = 13

residual = 0.0012197267721383554
(ε_extra[end] - ε[N]) / 50 = 0.001632567398173208
ε_extra[end] = 0.44075224547001857
ξ = 2.465149907720061
N_extra = 14

residual = 0.0015522136410117938
(ε_extra[end] - ε[N]) / 50 = 0.0016307645855481755
ε_extra[end] = 0.44066210483876694
ξ = 2.466288032388966
N_extra = 15

residual = 0.001321681022990272
(ε_extra[end] - ε[N]) / 50 = 0.0016303561951038937
ε_extra[end] = 0.44064168531655284
ξ = 2.466546127926926
N_extra = 16

residual = 0.0012561664682001219
(ε_extra[end] - ε[N]) / 50 = 0.0018339354778312822
ε_extra[end] = 0.4508206494529223
ξ = 2.3493633127632094
N_extra = 17

residual = 0.001174078656356405
(ε_extra[end] - ε[N]) / 50 = 0.0018356656725785215
ε_extra[end] = 0.45090715919028423
ξ = 2.3484565447318553
N_extra = 18

residual = 0.0011841957159148691
(ε_extra[end] - ε[N]) / 50 = 0.0018327913732369562
ε_extra[end] = 0.45076344422320597
ξ = 2.3499636678438027
N_extra = 19

residual = 0.0016006560613753132
(ε_extra[end] - ε[N]) / 50 = 0.001831512215578397
ε_extra[end] = 0.450699486340278
ξ = 2.3506355965642887
N_extra = 20

residual = 0.0014679618350790366
(ε_extra[end] - ε[N]) / 50 = 0.002530195369585603
ε_extra[end] = 0.4856336440406383
ξ = 2.0678076474464198
N_extra = 21


Results
-------
ξ = 2.0678076474464198
Suggestion: add 15 extra bands for k-point 1.

==========================================================
ik = 2

Starting point
--------------
ξ = 2.5491080855251136
N_extra = 17

Starting adaptive algorithm
---------------------------
residual = 0.0013236789000456181
(ε_extra[end] - ε[N]) / 50 = 0.0013846857998209693
ε_extra[end] = 0.4290287307089064
ξ = 2.5426996622206635
N_extra = 18

residual = 0.001345556031481152
(ε_extra[end] - ε[N]) / 50 = 0.00140158815343548
ε_extra[end] = 0.42987384838963194
ξ = 2.5297060919621077
N_extra = 19

residual = 0.0013961985183733392
(ε_extra[end] - ε[N]) / 50 = 0.0015538493683173516
ε_extra[end] = 0.4374869091337255
ξ = 2.422875590042851
N_extra = 20

residual = 0.0014374036132847187
(ε_extra[end] - ε[N]) / 50 = 0.001401216476578151
ε_extra[end] = 0.4298552645467655
ξ = 2.5299891545456856
N_extra = 21

residual = 0.001265950288738023
(ε_extra[end] - ε[N]) / 50 = 0.0014826767000914386
ε_extra[end] = 0.43392827572242987
ξ = 2.470650831484563
N_extra = 22

residual = 0.0014423630452495744
(ε_extra[end] - ε[N]) / 50 = 0.0014819167498357788
ε_extra[end] = 0.4338902782096469
ξ = 2.471180487534397
N_extra = 23

residual = 0.0011167400765383288
(ε_extra[end] - ε[N]) / 50 = 0.0015553027094671213
ε_extra[end] = 0.437559576191214
ξ = 2.421936226345892
N_extra = 24

residual = 0.0014380423950593755
(ε_extra[end] - ε[N]) / 50 = 0.0016305171156934628
ε_extra[end] = 0.4413202965025311
ξ = 2.3751465014785698
N_extra = 25

residual = 0.001623699857485986
(ε_extra[end] - ε[N]) / 50 = 0.0016617964401607743
ε_extra[end] = 0.44288426272589665
ξ = 2.356683939604878
N_extra = 26

residual = 0.0014739281864274327
(ε_extra[end] - ε[N]) / 50 = 0.0016305161844010429
ε_extra[end] = 0.4413202499379101
ξ = 2.3751470595401205
N_extra = 27

residual = 0.001455805210470838
(ε_extra[end] - ε[N]) / 50 = 0.0016626150825165332
ε_extra[end] = 0.4429251948436846
ξ = 2.3562081618501582
N_extra = 28

residual = 0.0016085924035461523
(ε_extra[end] - ε[N]) / 50 = 0.0019761470117342903
ε_extra[end] = 0.45860179130457246
ξ = 2.1976236457062424
N_extra = 29


Results
-------
ξ = 2.1976236457062424
Suggestion: add 12 extra bands for k-point 2.

==========================================================
ik = 3

Starting point
--------------
ξ = 2.548987273669716
N_extra = 17

Starting adaptive algorithm
---------------------------
residual = 0.0013356391647260178
(ε_extra[end] - ε[N]) / 50 = 0.0013845879179072297
ε_extra[end] = 0.4290238366132191
ξ = 2.5427756364118737
N_extra = 18

residual = 0.001302882538687592
(ε_extra[end] - ε[N]) / 50 = 0.0014016429484910342
ε_extra[end] = 0.4298765881424093
ξ = 2.5296643710269047
N_extra = 19

residual = 0.0040459556201024975
(ε_extra[end] - ε[N]) / 50 = 0.0014018826214122816
ε_extra[end] = 0.4298885717884717
ξ = 2.5294819143997276
N_extra = 20

residual = 0.003964052330388609
(ε_extra[end] - ε[N]) / 50 = 0.0014836622652124743
ε_extra[end] = 0.4339775539784813
ξ = 2.4699645698466255
N_extra = 21

residual = 0.001473480591571042
(ε_extra[end] - ε[N]) / 50 = 0.0015538320473275525
ε_extra[end] = 0.4374860430842352
ξ = 2.4228867938225433
N_extra = 22

residual = 0.001550476319221683
(ε_extra[end] - ε[N]) / 50 = 0.001482331699362508
ε_extra[end] = 0.433911025685983
ξ = 2.470891230462158
N_extra = 23

residual = 0.0014772390407862316
(ε_extra[end] - ε[N]) / 50 = 0.001555308852961228
ε_extra[end] = 0.437559883365919
ξ = 2.4219322584662595
N_extra = 24

residual = 0.0012152382252227636
(ε_extra[end] - ε[N]) / 50 = 0.0016302527877991647
ε_extra[end] = 0.44130708010781583
ξ = 2.375304915916443
N_extra = 25

residual = 0.0012320557094877534
(ε_extra[end] - ε[N]) / 50 = 0.0016624502964824527
ε_extra[end] = 0.44291695554198024
ξ = 2.35630390208751
N_extra = 26

residual = 0.0016175427904184887
(ε_extra[end] - ε[N]) / 50 = 0.0016301019044511179
ε_extra[end] = 0.4412995359404135
ξ = 2.3753953601605273
N_extra = 27

residual = 0.0015686112799387338
(ε_extra[end] - ε[N]) / 50 = 0.0016625875280741776
ε_extra[end] = 0.4429238171215665
ξ = 2.35622416985562
N_extra = 28

residual = 0.001568982036845507
(ε_extra[end] - ε[N]) / 50 = 0.001975826956794846
ε_extra[end] = 0.4585857885575999
ξ = 2.1977647778949043
N_extra = 29


Results
-------
ξ = 2.1977647778949043
Suggestion: add 12 extra bands for k-point 3.

==========================================================
ik = 4

Starting point
--------------
ξ = 2.54892493111565
N_extra = 17

Starting adaptive algorithm
---------------------------
residual = 0.0011889124497394801
(ε_extra[end] - ε[N]) / 50 = 0.0013844939358249409
ε_extra[end] = 0.42901965270473147
ξ = 2.542851209556723
N_extra = 18

residual = 0.0020477348843326924
(ε_extra[end] - ε[N]) / 50 = 0.001401799292459629
ε_extra[end] = 0.4298849205364659
ξ = 2.5295479441744804
N_extra = 19

residual = 0.007661144749287941
(ε_extra[end] - ε[N]) / 50 = 0.0014045420480086135
ε_extra[end] = 0.4300220583139151
ξ = 2.52746325831002
N_extra = 20

residual = 0.0009181272450642754
(ε_extra[end] - ε[N]) / 50 = 0.0014828841879911147
ε_extra[end] = 0.43393916531304016
ξ = 2.4705088108694855
N_extra = 21

residual = 0.001250368428556755
(ε_extra[end] - ε[N]) / 50 = 0.001553791710807374
ε_extra[end] = 0.4374845414538531
ξ = 2.422915333747401
N_extra = 22

residual = 0.0011936519540013586
(ε_extra[end] - ε[N]) / 50 = 0.0014813982539277127
ε_extra[end] = 0.43386486860987006
ξ = 2.4715446231501033
N_extra = 23

residual = 0.0014028217019675924
(ε_extra[end] - ε[N]) / 50 = 0.0015554043854753442
ε_extra[end] = 0.43756517518725163
ξ = 2.4218730070705914
N_extra = 24

residual = 0.0012046312711113756
(ε_extra[end] - ε[N]) / 50 = 0.0016297259698048517
ε_extra[end] = 0.441281254403727
ξ = 2.3756231457001236
N_extra = 25

residual = 0.001302853247386809
(ε_extra[end] - ε[N]) / 50 = 0.0016627984683103437
ε_extra[end] = 0.4429348793290016
ξ = 2.356103985502022
N_extra = 26

residual = 0.002112143654281358
(ε_extra[end] - ε[N]) / 50 = 0.0016307309526120716
ε_extra[end] = 0.441331503544088
ξ = 2.3750207563707533
N_extra = 27

residual = 0.0014476794895957297
(ε_extra[end] - ε[N]) / 50 = 0.0016623080770099552
ε_extra[end] = 0.4429103597639822
ξ = 2.3563888963174566
N_extra = 28

residual = 0.0038760080787281796
(ε_extra[end] - ε[N]) / 50 = 0.001950815321647108
ε_extra[end] = 0.45733572199583983
ξ = 2.208910711901571
N_extra = 29

residual = 0.0017818090372010806
(ε_extra[end] - ε[N]) / 50 = 0.0019758457971348555
ε_extra[end] = 0.4585872457702272
ξ = 2.197758591470647
N_extra = 30


Results
-------
ξ = 2.197758591470647
Suggestion: add 13 extra bands for k-point 4.

==========================================================
ik = 5

Starting point
--------------
ξ = 2.440412006579958
N_extra = 8

Starting adaptive algorithm
---------------------------
residual = 0.0012171003182380022
(ε_extra[end] - ε[N]) / 50 = 0.00131819558041378
ε_extra[end] = 0.4103963270647738
ξ = 2.4403650323950608
N_extra = 9

residual = 0.0009047845758010729
(ε_extra[end] - ε[N]) / 50 = 0.001410442087998639
ε_extra[end] = 0.41500865244401675
ξ = 2.373033272247396
N_extra = 10

residual = 0.0008820307192176079
(ε_extra[end] - ε[N]) / 50 = 0.0014099120137689581
ε_extra[end] = 0.4149821487325327
ξ = 2.3734001141829437
N_extra = 11

residual = 0.000983419340854288
(ε_extra[end] - ε[N]) / 50 = 0.0017090528491162315
ε_extra[end] = 0.4299391904998964
ξ = 2.1959268622974952
N_extra = 12


Results
-------
ξ = 2.1959268622974952
Suggestion: add 4 extra bands for k-point 5.

==========================================================
ik = 6

Starting point
--------------
ξ = 2.4403386018124227
N_extra = 8

Starting adaptive algorithm
---------------------------
residual = 0.0009012896654059517
(ε_extra[end] - ε[N]) / 50 = 0.0013180848001770752
ε_extra[end] = 0.4103898525145554
ξ = 2.4404469785324596
N_extra = 9

residual = 0.0008663954573321315
(ε_extra[end] - ε[N]) / 50 = 0.0014092593799265773
ε_extra[end] = 0.4149485815020305
ξ = 2.373848821433294
N_extra = 10

residual = 0.000923593126093873
(ε_extra[end] - ε[N]) / 50 = 0.0014113646766838405
ε_extra[end] = 0.4150538463398937
ξ = 2.3723920585552976
N_extra = 11

residual = 0.0009684431128629543
(ε_extra[end] - ε[N]) / 50 = 0.0017092708876814777
ε_extra[end] = 0.42994915688977553
ξ = 2.195812945475081
N_extra = 12


Results
-------
ξ = 2.195812945475081
Suggestion: add 4 extra bands for k-point 6.

==========================================================
ik = 7

Starting point
--------------
ξ = 2.5488072500912824
N_extra = 17

Starting adaptive algorithm
---------------------------
residual = 0.0013367390340807933
(ε_extra[end] - ε[N]) / 50 = 0.001384470288485391
ε_extra[end] = 0.42901847033775375
ξ = 2.5428695674607016
N_extra = 18

residual = 0.0018000801217132793
(ε_extra[end] - ε[N]) / 50 = 0.0014015566657553436
ε_extra[end] = 0.4298727892012514
ξ = 2.5297326673347387
N_extra = 19

residual = 0.005028623213294747
(ε_extra[end] - ε[N]) / 50 = 0.00140297661282334
ε_extra[end] = 0.4299437865546512
ξ = 2.528652310558869
N_extra = 20

residual = 0.0011388894756877777
(ε_extra[end] - ε[N]) / 50 = 0.001482828900684805
ε_extra[end] = 0.43393640094772445
ξ = 2.470547321034863
N_extra = 21

residual = 0.004494575670638249
(ε_extra[end] - ε[N]) / 50 = 0.0014824550593549811
ε_extra[end] = 0.43391770888123327
ξ = 2.4708077784261477
N_extra = 22

residual = 0.001185239098987746
(ε_extra[end] - ε[N]) / 50 = 0.0015539647247488908
ε_extra[end] = 0.43749319215092874
ξ = 2.4228034268240446
N_extra = 23

residual = 0.001373206875909478
(ε_extra[end] - ε[N]) / 50 = 0.0015553389358614633
ε_extra[end] = 0.43756190270655737
ξ = 2.421915276033261
N_extra = 24

residual = 0.0014302838342174836
(ε_extra[end] - ε[N]) / 50 = 0.0016300499155749027
ε_extra[end] = 0.44129745169222934
ξ = 2.3754289073181103
N_extra = 25

residual = 0.0014791467451737794
(ε_extra[end] - ε[N]) / 50 = 0.0016306246595675078
ε_extra[end] = 0.4413261888918596
ξ = 2.375084440807984
N_extra = 26

residual = 0.001270734727068979
(ε_extra[end] - ε[N]) / 50 = 0.0016624660384875888
ε_extra[end] = 0.44291825783786365
ξ = 2.356297108212744
N_extra = 27

residual = 0.0016100414930730964
(ε_extra[end] - ε[N]) / 50 = 0.0016624759808414069
ε_extra[end] = 0.44291875495555455
ξ = 2.3562913313831633
N_extra = 28

residual = 0.002268401099062075
(ε_extra[end] - ε[N]) / 50 = 0.001949321181359459
ε_extra[end] = 0.45726101498145716
ξ = 2.20958366612998
N_extra = 29

residual = 0.0017953096916872016
(ε_extra[end] - ε[N]) / 50 = 0.001975006148587184
ε_extra[end] = 0.4585452633428434
ξ = 2.1981290140729706
N_extra = 30


Results
-------
ξ = 2.1981290140729706
Suggestion: add 13 extra bands for k-point 7.

==========================================================
ik = 8

Starting point
--------------
ξ = 2.440418527153344
N_extra = 8

Starting adaptive algorithm
---------------------------
residual = 0.0011401123618188281
(ε_extra[end] - ε[N]) / 50 = 0.0013182022713293861
ε_extra[end] = 0.41039572607217123
ξ = 2.4403564949059557
N_extra = 9

residual = 0.0011154925551465614
(ε_extra[end] - ε[N]) / 50 = 0.0014096672041809045
ε_extra[end] = 0.41496897271474714
ξ = 2.373566356978147
N_extra = 10

residual = 0.001097115116526868
(ε_extra[end] - ε[N]) / 50 = 0.001410958961081603
ε_extra[end] = 0.4150335605597821
ξ = 2.3726725253515037
N_extra = 11

residual = 0.0012613912400422078
(ε_extra[end] - ε[N]) / 50 = 0.0017084869976861717
ε_extra[end] = 0.4299099623900105
ξ = 2.1962121755318047
N_extra = 12


Results
-------
ξ = 2.1962121755318047
Suggestion: add 4 extra bands for k-point 8.

==========================================================
ik = 9

Starting point
--------------
ξ = 2.4404817083976704
N_extra = 8

Starting adaptive algorithm
---------------------------
residual = 0.0012676692214952034
(ε_extra[end] - ε[N]) / 50 = 0.0013184558565637915
ε_extra[end] = 0.4104093408722749
ξ = 2.440164594920923
N_extra = 9

residual = 0.0008808391439612665
(ε_extra[end] - ε[N]) / 50 = 0.001411582650380595
ε_extra[end] = 0.41506568056311505
ξ = 2.3722446795295316
N_extra = 10

residual = 0.0009078351262396493
(ε_extra[end] - ε[N]) / 50 = 0.00140862945234677
ε_extra[end] = 0.4149180206614238
ξ = 2.3742886278320277
N_extra = 11

residual = 0.0012767273275782695
(ε_extra[end] - ε[N]) / 50 = 0.0017077852162367757
ε_extra[end] = 0.4298758088559241
ξ = 2.1965727395181442
N_extra = 12


Results
-------
ξ = 2.1965727395181442
Suggestion: add 4 extra bands for k-point 9.

Results
-------
Suggest to add 15 extra bands
 ────────────────────────────────────────────────────────────────────────────────
                                        Time                    Allocations      
                               ───────────────────────   ────────────────────────
       Tot / % measured:            1042s /  97.2%            155GiB /  90.9%    

 Section               ncalls     time    %tot     avg     alloc    %tot      avg
 ────────────────────────────────────────────────────────────────────────────────
 LOBPCG                    81     973s   96.1%   12.0s    127GiB   90.1%  1.57GiB
   DftHamiltonian m...  3.73k     744s   73.5%   199ms   39.4GiB   28.0%  10.8MiB
     local+kinetic      16.9k     539s   53.2%  31.9ms   81.9MiB    0.1%  4.96KiB
     nonlocal           3.73k     195s   19.2%  52.1ms   13.8GiB    9.8%  3.80MiB
   ortho! X vs Y        7.24k     109s   10.7%  15.0ms   1.26GiB    0.9%   182KiB
     ortho!             10.9k    20.9s    2.1%  1.92ms    143MiB    0.1%  13.5KiB
   rayleigh_ritz        3.65k    27.3s    2.7%  7.48ms    171MiB    0.1%  47.9KiB
   ortho!                  81    6.61s    0.7%  81.6ms   41.4MiB    0.0%   524KiB
   preconditioning      3.73k    4.38s    0.4%  1.17ms   48.2MiB    0.0%  13.2KiB
 PlaneWaveBasis             1    22.0s    2.2%   22.0s   10.6GiB    7.5%  10.6GiB
   Instantiation At...      1    9.18s    0.9%   9.18s   1.32GiB    0.9%  1.32GiB
   Instantiation At...      1    7.50s    0.7%   7.50s   8.24GiB    5.9%  8.24GiB
   Instantiation Ewald      1    1.90s    0.2%   1.90s    291MiB    0.2%   291MiB
   Instantiation Ps...      1    433ms    0.0%   433ms   78.9MiB    0.1%  78.9MiB
   Instantiation Ha...      1    415ms    0.0%   415ms    118MiB    0.1%   118MiB
   Instantiation Ki...      1    219ms    0.0%   219ms   51.4MiB    0.0%  51.4MiB
   build_kpoints            1    157ms    0.0%   157ms    239MiB    0.2%   239MiB
   Instantiation Xc         1   14.3ms    0.0%  14.3ms    647KiB    0.0%   647KiB
   Instantiation En...      1    173μs    0.0%   173μs   55.3KiB    0.0%  55.3KiB
 energy_hamiltonian         1    17.5s    1.7%   17.5s   3.32GiB    2.4%  3.32GiB
   ene_ops                  1    15.3s    1.5%   15.3s   2.83GiB    2.0%  2.83GiB
     ene_ops: xc            1    4.79s    0.5%   4.79s   1.27GiB    0.9%  1.27GiB
     ene_ops: nonlocal      1    3.89s    0.4%   3.89s    430MiB    0.3%   430MiB
     ene_ops: kinetic       1    293ms    0.0%   293ms   31.0MiB    0.0%  31.0MiB
     ene_ops: hartree       1    269ms    0.0%   269ms   88.8MiB    0.1%  88.8MiB
     ene_ops: local         1   6.93ms    0.0%  6.93ms   13.9MiB    0.0%  13.9MiB
 ────────────────────────────────────────────────────────────────────────────────
