
hostname        = clustern13

started on      = 2022-09-28T19:39:00.703
julia threads   = 1
BLAS threads    = 1
MPI procs       = 8

temperature     = 0.001
smearing        = DFTK.Smearing.FermiDirac()
lattice         = [7.653 0.0 0.0; 0.0 7.653 0.0; 0.0 0.0 76.53]
Ecut            = 40.0
fft_size        = (45, 45, 450)
kgrid           = [3, 3, 1]
kshift          = [0.0, 0.0, 0.0]
n_irreducible_k = 9
n_bands         = 72
n_electrons     = 120
mixing          = KerkerMixing(0.8, 0.0)

--------------------------------
n     Energy            log10(ΔE)   log10(Δρ)   α      Diag
---   ---------------   ---------   ---------   ----   ----
  1   -82.89629040806                   -0.37   0.80   16.2
  2   -82.91349200036       -1.76       -0.85   0.80    1.0
  3   -82.91978522501       -2.20       -2.20   0.80    7.4
  4   -82.92039134493       -3.22       -2.59   0.80   10.1
  5   -82.91978665189   +   -3.22       -2.98   0.80    7.8
  6   -82.92029791764       -3.29       -3.33   0.80   10.1
  7   -82.92045333351       -3.81       -4.22   0.80    8.2
  8   -82.92045439262       -5.98       -4.56   0.80    7.6
  9   -82.92045443458       -7.38       -5.07   0.80    7.2
 10   -82.92045443482       -9.63       -5.71   0.80    3.8
 11   -82.92045443496       -9.85       -6.24   0.80    8.9
 12   -82.92045443502      -10.19       -6.63   0.80   10.1
 13   -82.92045443504      -10.65       -7.17   0.80    8.2
 14   -82.92045443505      -11.72       -7.70   0.80    8.4
 15   -82.92045443505      -13.07       -8.70   0.80    6.0
 ────────────────────────────────────────────────────────────────────────────────
                                        Time                    Allocations      
                               ───────────────────────   ────────────────────────
       Tot / % measured:            1366s /  99.9%           97.4GiB /  99.9%    

 Section               ncalls     time    %tot     avg     alloc    %tot      avg
 ────────────────────────────────────────────────────────────────────────────────
 self_consistent_field      1    1363s   99.9%   1363s   97.2GiB   99.9%  97.2GiB
   LOBPCG                  30    1189s   87.1%   39.6s   62.4GiB   64.2%  2.08GiB
     DftHamiltonian...    320     617s   45.2%   1.93s   11.3GiB   11.6%  36.2MiB
       local+kinetic    10.8k     445s   32.6%  41.4ms   89.5MiB    0.1%  8.51KiB
       nonlocal           320     169s   12.4%   530ms   8.99GiB    9.2%  28.8MiB
     ortho! X vs Y        550     213s   15.6%   388ms   1.10GiB    1.1%  2.05MiB
       ortho!           1.17k    59.6s    4.4%  50.8ms    200MiB    0.2%   174KiB
     rayleigh_ritz        290     129s    9.5%   445ms    250MiB    0.3%   884KiB
     ortho!                30    6.73s    0.5%   224ms   13.1MiB    0.0%   447KiB
     preconditioning      320    4.57s    0.3%  14.3ms   84.7MiB    0.1%   271KiB
   energy_hamiltonian      31    86.8s    6.4%   2.80s   26.7GiB   27.5%   883MiB
     ene_ops               31    83.6s    6.1%   2.70s   24.9GiB   25.6%   821MiB
       ene_ops: xc         31    36.0s    2.6%   1.16s   21.5GiB   22.1%   711MiB
       ene_ops: non...     31    32.5s    2.4%   1.05s    109MiB    0.1%  3.53MiB
       ene_ops: har...     31    2.64s    0.2%  85.3ms   2.12GiB    2.2%  70.1MiB
       ene_ops: kin...     31    1.04s    0.1%  33.4ms   3.04MiB    0.0%   100KiB
       ene_ops: local      31    327ms    0.0%  10.6ms    431MiB    0.4%  13.9MiB
   compute_density         15    55.8s    4.1%   3.72s   1.47GiB    1.5%   100MiB
     symmetrize_ρ          15    1.06s    0.1%  70.7ms   1.12GiB    1.2%  76.5MiB
       accumulate_o...     15   56.9ms    0.0%  3.80ms     0.00B    0.0%    0.00B
   KerkerMixing            15    2.73s    0.2%   182ms   1.98GiB    2.0%   135MiB
   QR orthonormaliz...     30    2.34s    0.2%  78.0ms    590MiB    0.6%  19.7MiB
 guess_density              1    1.49s    0.1%   1.49s   70.2MiB    0.1%  70.2MiB
 ────────────────────────────────────────────────────────────────────────────────

--------------------------------
apply_χ0 with extra bands
 ────────────────────────────────────────────────────────────────────────────────
                                        Time                    Allocations      
                               ───────────────────────   ────────────────────────
       Tot / % measured:            1338s /  99.9%            229GiB /  99.9%    

 Section               ncalls     time    %tot     avg     alloc    %tot      avg
 ────────────────────────────────────────────────────────────────────────────────
 apply_χ0_schur             1    1336s  100.0%   1336s    229GiB  100.0%   229GiB
   DftHamiltonian m...  3.75k     269s   20.1%  71.7ms   31.6GiB   13.8%  8.63MiB
     local+kinetic      3.77k     162s   12.1%  43.0ms   3.03GiB    1.3%   843KiB
     nonlocal           3.75k    98.3s    7.4%  26.2ms   3.08GiB    1.3%   862KiB
 ────────────────────────────────────────────────────────────────────────────────

--------------------------------
apply_χ0 without extra bands
 ────────────────────────────────────────────────────────────────────────────────
                                        Time                    Allocations      
                               ───────────────────────   ────────────────────────
       Tot / % measured:             904s /  99.9%            120GiB /  99.9%    

 Section               ncalls     time    %tot     avg     alloc    %tot      avg
 ────────────────────────────────────────────────────────────────────────────────
 apply_χ0_schur             1     903s  100.0%    903s    120GiB  100.0%   120GiB
   DftHamiltonian m...  4.43k     310s   34.4%  70.1ms   37.3GiB   31.1%  8.62MiB
     local+kinetic      4.43k     186s   20.6%  42.0ms   3.58GiB    3.0%   848KiB
     nonlocal           4.43k     114s   12.7%  25.8ms   3.60GiB    3.0%   853KiB
 ────────────────────────────────────────────────────────────────────────────────
