
hostname        = gaspacho

started on      = 2022-09-28T19:30:35.293
julia threads   = 1
BLAS threads    = 1

a               = 11.369785714285715

temperature     = 0.0
smearing        = DFTK.Smearing.None()
lattice         = [0.0 5.685 5.685; 5.685 0.0 5.685; 5.685 5.685 0.0]
Ecut            = 50.0
fft_size        = (54, 54, 54)
kgrid           = [1, 1, 1]
kshift          = [0.0, 0.0, 0.0]
n_irreducible_k = 1
n_bands         = 4
n_electrons     = 8

--------------------------------
n     Energy            log10(ΔE)   log10(Δρ)   α      Diag
---   ---------------   ---------   ---------   ----   ----
  1   -7.382063809237                   -0.58   0.60   12.0
  2   -7.385843046535       -2.42       -1.02   0.60    1.0
  3   -7.370687985704   +   -1.82       -0.95   0.60    2.0
  4   -7.387122568756       -1.78       -2.11   0.60    1.0
  5   -7.386665665992   +   -3.34       -1.74   0.60    4.0
  6   -7.386877947721       -3.67       -1.85   0.60    2.0
  7   -7.387145860940       -3.57       -2.40   0.60    2.0
  8   -7.387156552729       -4.97       -2.58   0.60    1.0
  9   -7.387158499307       -5.71       -2.64   0.60    1.0
 10   -7.387165343594       -5.16       -3.40   0.60    1.0
 11   -7.387165592447       -6.60       -3.60   0.60    3.0
 12   -7.387165665922       -7.13       -4.18   0.60    2.0
 13   -7.387165669415       -8.46       -4.41   0.60    3.0
 14   -7.387165671072       -8.78       -5.09   0.60    1.0
 15   -7.387165671122      -10.30       -5.65   0.60    4.0
 16   -7.387165671126      -11.41       -5.95   0.60    3.0
 17   -7.387165671127      -11.93       -6.32   0.60    2.0
 18   -7.387165671127      -12.58       -6.56   0.60    1.0

--------------------------------
apply_χ0 with extra bands
 ────────────────────────────────────────────────────────────────────────────────
                                        Time                    Allocations      
                               ───────────────────────   ────────────────────────
       Tot / % measured:            485ms / 100.0%            437MiB / 100.0%    

 Section               ncalls     time    %tot     avg     alloc    %tot      avg
 ────────────────────────────────────────────────────────────────────────────────
 apply_χ0_schur             1    485ms  100.0%   485ms    437MiB  100.0%   437MiB
   DftHamiltonian m...     93    291ms   59.9%  3.13ms    130MiB   29.7%  1.40MiB
     local+kinetic         95    266ms   54.8%  2.80ms   8.80MiB    2.0%  94.9KiB
     nonlocal              93   9.34ms    1.9%   100μs   9.01MiB    2.1%  99.2KiB
 ────────────────────────────────────────────────────────────────────────────────

--------------------------------
apply_χ0 without extra bands
 ────────────────────────────────────────────────────────────────────────────────
                                        Time                    Allocations      
                               ───────────────────────   ────────────────────────
       Tot / % measured:            447ms / 100.0%            387MiB / 100.0%    

 Section               ncalls     time    %tot     avg     alloc    %tot      avg
 ────────────────────────────────────────────────────────────────────────────────
 apply_χ0_schur             1    447ms  100.0%   447ms    387MiB  100.0%   387MiB
   DftHamiltonian m...    108    346ms   77.4%  3.20ms    151MiB   39.0%  1.39MiB
     local+kinetic        108    308ms   68.9%  2.85ms   10.3MiB    2.7%  97.9KiB
     nonlocal             108   10.0ms    2.2%  92.2μs   10.2MiB    2.7%  97.1KiB
 ────────────────────────────────────────────────────────────────────────────────
