
hostname        = clustern11

started on      = 2022-09-05T18:24:17.051
julia threads   = 1
BLAS threads    = 8

a               = 10.464285714285715

temperature     = 0.0
smearing        = DFTK.Smearing.None()
lattice         = [0.0 5.232 5.232; 5.232 0.0 5.232; 5.232 5.232 0.0]
Ecut            = 50.0
fft_size        = (50, 50, 50)
kgrid           = [1, 1, 1]
kshift          = [0.0, 0.0, 0.0]
n_irreducible_k = 1
n_bands         = 4
n_electrons     = 8

--------------------------------
n     Energy            log10(ΔE)   log10(Δρ)   α      Diag
---   ---------------   ---------   ---------   ----   ----
  1   -7.340791695481                   -0.50   0.80   12.0
  2   -7.349943302415       -2.04       -1.35   0.80    1.0
  3   -7.350680441916       -3.13       -2.22   0.80    4.0
  4   -7.350682975759       -5.60       -2.65   0.80    3.0
  5   -7.350686400150       -5.47       -2.80   0.80    3.0
  6   -7.350691318022       -5.31       -3.49   0.80    2.0
  7   -7.350691472548       -6.81       -4.18   0.80    4.0
  8   -7.350691476311       -8.42       -5.16   0.80    3.0
  9   -7.350691476341      -10.51       -5.27   0.80    5.0
 10   -7.350691476381      -10.40       -6.10   0.80    5.0
 11   -7.350691476382      -12.43       -6.86   0.80    3.0

--------------------------------
apply_χ0 with extra bands
 ────────────────────────────────────────────────────────────────────────────────
                                        Time                    Allocations      
                               ───────────────────────   ────────────────────────
       Tot / % measured:            847ms / 100.0%            386MiB / 100.0%    

 Section               ncalls     time    %tot     avg     alloc    %tot      avg
 ────────────────────────────────────────────────────────────────────────────────
 apply_χ0_4P                1    847ms  100.0%   847ms    386MiB  100.0%   386MiB
   DftHamiltonian m...    184    678ms   80.0%  3.68ms    204MiB   52.9%  1.11MiB
     local+kinetic        184    606ms   71.5%  3.29ms   14.0MiB    3.6%  78.0KiB
     nonlocal             184   11.6ms    1.4%  63.2μs   13.9MiB    3.6%  77.3KiB
 ────────────────────────────────────────────────────────────────────────────────

--------------------------------
apply_χ0 without extra bands
 ────────────────────────────────────────────────────────────────────────────────
                                        Time                    Allocations      
                               ───────────────────────   ────────────────────────
       Tot / % measured:            832ms / 100.0%            409MiB / 100.0%    

 Section               ncalls     time    %tot     avg     alloc    %tot      avg
 ────────────────────────────────────────────────────────────────────────────────
 apply_χ0_4P                1    832ms  100.0%   832ms    409MiB  100.0%   409MiB
   DftHamiltonian m...    196    716ms   86.1%  3.65ms    217MiB   53.1%  1.11MiB
     local+kinetic        196    645ms   77.5%  3.29ms   14.9MiB    3.6%  78.0KiB
     nonlocal             196   12.1ms    1.5%  61.7μs   14.8MiB    3.6%  77.3KiB
 ────────────────────────────────────────────────────────────────────────────────
