
hostname        = clustern13

started on      = 2022-08-04T19:12:45.287
julia threads   = 1
BLAS threads    = 1
MPI procs       = 8

temperature     = 0.001
smearing        = DFTK.Smearing.FermiDirac()
lattice         = [7.653 0.0 0.0; 0.0 7.653 0.0; 0.0 0.0 76.53]
Ecut            = 40.0
fft_size        = (45, 45, 450)
kgrid           = [3, 3, 1]
kshift          = [0.0, 0.0, 0.0]
n_irreducible_k = 9
n_bands         = 72
n_electrons     = 120
mixing          = KerkerMixing(0.8, 0.0)

--------------------------------
n     Energy            log10(ΔE)   log10(Δρ)   α      Diag
---   ---------------   ---------   ---------   ----   ----
  1   -82.89654999616                   -0.37   0.80   12.9
  2   -82.91410630591       -1.76       -0.85   0.80    1.0
  3   -82.91937467042       -2.28       -2.21   0.80    2.9
  4   -82.92012901595       -3.12       -2.71   0.80    6.6
  5   -82.91962026729   +   -3.29       -2.97   0.80    2.4
  6   -82.92027285982       -3.19       -3.31   0.80    4.2
  7   -82.92045400110       -3.74       -4.32   0.80    2.8
  8   -82.92045441953       -6.38       -4.72   0.80    4.0
  9   -82.92045443495       -7.81       -5.41   0.80    4.1
 10   -82.92045443502      -10.12       -6.01   0.80    3.5
 11   -82.92045443504      -10.76       -6.49   0.80    3.5
 12   -82.92045443505      -11.24       -7.20   0.80    3.5
 13   -82.92045443505      -12.33       -7.39   0.80    2.9
 ────────────────────────────────────────────────────────────────────────────────
                                        Time                    Allocations      
                               ───────────────────────   ────────────────────────
       Tot / % measured:            1349s /  99.9%           87.9GiB /  99.9%    

 Section               ncalls     time    %tot     avg     alloc    %tot      avg
 ────────────────────────────────────────────────────────────────────────────────
 self_consistent_field      1    1345s   99.9%   1345s   87.8GiB   99.9%  87.8GiB
   LOBPCG                  26    1175s   87.2%   45.2s   56.6GiB   64.5%  2.18GiB
     DftHamiltonian...    143     557s   41.3%   3.89s   9.23GiB   10.5%  66.1MiB
       local+kinetic    9.80k     410s   30.5%  41.9ms   88.7MiB    0.1%  9.27KiB
       nonlocal           143     145s   10.7%   1.01s   8.09GiB    9.2%  57.9MiB
     ortho! X vs Y        208     224s   16.6%   1.08s   1.14GiB    1.3%  5.63MiB
       ortho!             466    66.6s    4.9%   143ms    235MiB    0.3%   517KiB
     rayleigh_ritz        117     149s   11.1%   1.28s    293MiB    0.3%  2.50MiB
     ortho!                26    7.60s    0.6%   292ms   15.6MiB    0.0%   614KiB
     preconditioning      143    4.18s    0.3%  29.2ms   85.1MiB    0.1%   609KiB
   energy_hamiltonian      27    81.2s    6.0%   3.01s   23.5GiB   26.7%   890MiB
     ene_ops               27    78.2s    5.8%   2.90s   21.8GiB   24.8%   828MiB
       ene_ops: non...     27    32.6s    2.4%   1.21s    105MiB    0.1%  3.89MiB
       ene_ops: xc         27    32.3s    2.4%   1.20s   18.8GiB   21.4%   714MiB
       ene_ops: har...     27    2.16s    0.2%  80.0ms   1.85GiB    2.1%  70.2MiB
       ene_ops: kin...     27    801ms    0.1%  29.7ms   3.04MiB    0.0%   115KiB
       ene_ops: local      27    237ms    0.0%  8.79ms    375MiB    0.4%  13.9MiB
   compute_density         13    57.0s    4.2%   4.38s   1.28GiB    1.5%   101MiB
     symmetrize_ρ          13    982ms    0.1%  75.5ms   0.97GiB    1.1%  76.5MiB
       accumulate_o...     13   61.5ms    0.0%  4.73ms     0.00B    0.0%    0.00B
   QR orthonormaliz...     26    2.98s    0.2%   115ms    683MiB    0.8%  26.3MiB
   KerkerMixing            13    1.79s    0.1%   138ms   1.72GiB    2.0%   136MiB
 guess_density              1    1.50s    0.1%   1.50s   70.2MiB    0.1%  70.2MiB
 ────────────────────────────────────────────────────────────────────────────────

--------------------------------
apply_χ0 with extra bands
 ────────────────────────────────────────────────────────────────────────────────
                                        Time                    Allocations      
                               ───────────────────────   ────────────────────────
       Tot / % measured:            1052s /  99.9%            122GiB /  99.8%    

 Section               ncalls     time    %tot     avg     alloc    %tot      avg
 ────────────────────────────────────────────────────────────────────────────────
 apply_χ0_4P                1    1050s  100.0%   1050s    121GiB  100.0%   121GiB
   DftHamiltonian m...  6.25k     446s   42.4%  71.3ms   52.6GiB   43.3%  8.62MiB
     local+kinetic      6.25k     269s   25.6%  43.1ms   5.05GiB    4.2%   848KiB
     nonlocal           6.25k     162s   15.5%  26.0ms   5.10GiB    4.2%   857KiB
 ────────────────────────────────────────────────────────────────────────────────

--------------------------------
apply_χ0 without extra bands
 ────────────────────────────────────────────────────────────────────────────────
                                        Time                    Allocations      
                               ───────────────────────   ────────────────────────
       Tot / % measured:            1111s /  99.9%            154GiB /  99.9%    

 Section               ncalls     time    %tot     avg     alloc    %tot      avg
 ────────────────────────────────────────────────────────────────────────────────
 apply_χ0_4P                1    1110s  100.0%   1110s    153GiB  100.0%   153GiB
   DftHamiltonian m...  8.09k     574s   51.7%  70.9ms   68.1GiB   44.4%  8.62MiB
     local+kinetic      8.09k     346s   31.1%  42.7ms   6.54GiB    4.3%   848KiB
     nonlocal           8.09k     211s   19.0%  26.0ms   6.59GiB    4.3%   853KiB
 ────────────────────────────────────────────────────────────────────────────────
