
hostname        = clustern11

started on      = 2022-09-05T18:24:02.823
julia threads   = 1
BLAS threads    = 8

a               = 10.278571428571428

temperature     = 0.0
smearing        = DFTK.Smearing.None()
lattice         = [0.0 5.139 5.139; 5.139 0.0 5.139; 5.139 5.139 0.0]
Ecut            = 50.0
fft_size        = (50, 50, 50)
kgrid           = [1, 1, 1]
kshift          = [0.0, 0.0, 0.0]
n_irreducible_k = 1
n_bands         = 4
n_electrons     = 8

--------------------------------
n     Energy            log10(ΔE)   log10(Δρ)   α      Diag
---   ---------------   ---------   ---------   ----   ----
  1   -7.323027458649                   -0.48   0.80   12.0
  2   -7.333598532996       -1.98       -1.34   0.80    1.0
  3   -7.334415844170       -3.09       -2.18   0.80    4.0
  4   -7.334418906363       -5.51       -2.60   0.80    4.0
  5   -7.334425355371       -5.19       -2.82   0.80    4.0
  6   -7.334429621450       -5.37       -3.54   0.80    2.0
  7   -7.334429736140       -6.94       -4.15   0.80    4.0
  8   -7.334429740741       -8.34       -4.96   0.80    4.0
  9   -7.334429740841      -10.00       -5.28   0.80    5.0
 10   -7.334429740875      -10.46       -6.06   0.80    4.0
 11   -7.334429740876      -12.17       -6.72   0.80    4.0

--------------------------------
apply_χ0 with extra bands
 ────────────────────────────────────────────────────────────────────────────────
                                        Time                    Allocations      
                               ───────────────────────   ────────────────────────
       Tot / % measured:            807ms / 100.0%            365MiB / 100.0%    

 Section               ncalls     time    %tot     avg     alloc    %tot      avg
 ────────────────────────────────────────────────────────────────────────────────
 apply_χ0_4P                1    807ms  100.0%   807ms    365MiB  100.0%   365MiB
   DftHamiltonian m...    180    653ms   80.9%  3.63ms    198MiB   54.2%  1.10MiB
     local+kinetic        180    584ms   72.3%  3.24ms   12.9MiB    3.5%  73.5KiB
     nonlocal             180   10.8ms    1.3%  59.8μs   12.8MiB    3.5%  72.8KiB
 ────────────────────────────────────────────────────────────────────────────────

--------------------------------
apply_χ0 without extra bands
 ────────────────────────────────────────────────────────────────────────────────
                                        Time                    Allocations      
                               ───────────────────────   ────────────────────────
       Tot / % measured:            802ms / 100.0%            392MiB / 100.0%    

 Section               ncalls     time    %tot     avg     alloc    %tot      avg
 ────────────────────────────────────────────────────────────────────────────────
 apply_χ0_4P                1    801ms  100.0%   801ms    392MiB  100.0%   392MiB
   DftHamiltonian m...    194    702ms   87.6%  3.62ms    213MiB   54.4%  1.10MiB
     local+kinetic        194    628ms   78.4%  3.24ms   13.9MiB    3.6%  73.5KiB
     nonlocal             194   15.5ms    1.9%  80.1μs   13.8MiB    3.5%  72.8KiB
 ────────────────────────────────────────────────────────────────────────────────
