
hostname        = gaspacho

started on      = 2022-09-28T17:16:46.073
julia threads   = 1
BLAS threads    = 4

a               = 11.403

temperature     = 0.0
smearing        = DFTK.Smearing.None()
lattice         = [0.0 5.702 5.702; 5.702 0.0 5.702; 5.702 5.702 0.0]
Ecut            = 50.0
fft_size        = (54, 54, 54)
kgrid           = [1, 1, 1]
kshift          = [0.0, 0.0, 0.0]
n_irreducible_k = 1
n_bands         = 4
n_electrons     = 8

--------------------------------
n     Energy            log10(ΔE)   log10(Δρ)   α      Diag
---   ---------------   ---------   ---------   ----   ----
  1   -7.382300904516                   -0.59   0.60   13.0
  2   -7.371746418186   +   -1.98       -0.87   0.60    1.0
  3   -7.330633960708   +   -1.39       -0.66   0.60    5.0
  4   -7.309636610611   +   -1.68       -0.68   0.60    5.0
  5   -7.368563174942       -1.23       -0.90   0.60    4.0
  6   -7.356318336033   +   -1.91       -0.83   0.60    4.0
  7   -7.375279472964       -1.72       -1.03   0.60    3.0
  8   -7.382154550467       -2.16       -1.19   0.60    2.0
  9   -7.382254088525       -4.00       -1.20   0.60    2.0
 10   -7.384095783928       -2.73       -1.30   0.60    1.0
 11   -7.387157667871       -2.51       -1.76   0.60    2.0
 12   -7.387261916029       -3.98       -1.92   0.60    2.0
 13   -7.387403768830       -3.85       -2.18   0.60    1.0
 14   -7.387368472998   +   -4.45       -2.08   0.60    1.0
 15   -7.387378410202       -5.00       -2.11   0.60    1.0
 16   -7.387421652571       -4.36       -2.28   0.60    1.0
 17   -7.387455414025       -4.47       -2.74   0.60    1.0
 18   -7.387457335082       -5.72       -2.87   0.60    1.0
 19   -7.387459430277       -5.68       -3.26   0.60    1.0
 20   -7.387459818580       -6.41       -4.06   0.60    2.0
 21   -7.387459817082   +   -8.82       -3.96   0.60    2.0
 22   -7.387459829079       -7.92       -4.44   0.60    1.0
 23   -7.387459830527       -8.84       -4.74   0.60    2.0
 24   -7.387459830738       -9.68       -4.89   0.60    1.0
 25   -7.387459830904       -9.78       -5.34   0.60    1.0
 26   -7.387459830930      -10.58       -5.81   0.60    2.0
 27   -7.387459830933      -11.63       -6.02   0.60    2.0
 28   -7.387459830934      -12.05       -6.44   0.60    2.0

--------------------------------
apply_χ0 with extra bands
 ────────────────────────────────────────────────────────────────────────────────
                                        Time                    Allocations      
                               ───────────────────────   ────────────────────────
       Tot / % measured:            511ms / 100.0%            448MiB / 100.0%    

 Section               ncalls     time    %tot     avg     alloc    %tot      avg
 ────────────────────────────────────────────────────────────────────────────────
 apply_χ0_schur             1    511ms  100.0%   511ms    448MiB  100.0%   448MiB
   DftHamiltonian m...     96    302ms   59.2%  3.15ms    134MiB   30.0%  1.40MiB
     local+kinetic        104    277ms   54.2%  2.66ms   8.87MiB    2.0%  87.4KiB
     nonlocal              96   9.33ms    1.8%  97.2μs   9.94MiB    2.2%   106KiB
 ────────────────────────────────────────────────────────────────────────────────

--------------------------------
apply_χ0 without extra bands
 ────────────────────────────────────────────────────────────────────────────────
                                        Time                    Allocations      
                               ───────────────────────   ────────────────────────
       Tot / % measured:            459ms / 100.0%            414MiB / 100.0%    

 Section               ncalls     time    %tot     avg     alloc    %tot      avg
 ────────────────────────────────────────────────────────────────────────────────
 apply_χ0_schur             1    459ms  100.0%   459ms    414MiB  100.0%   414MiB
   DftHamiltonian m...    115    331ms   72.1%  2.88ms    161MiB   38.8%  1.40MiB
     local+kinetic        115    304ms   66.1%  2.64ms   11.1MiB    2.7%  98.7KiB
     nonlocal             115   8.81ms    1.9%  76.6μs   11.0MiB    2.7%  97.9KiB
 ────────────────────────────────────────────────────────────────────────────────
