
hostname        = clustern11

started on      = 2022-09-05T18:23:49.942
julia threads   = 1
BLAS threads    = 8

a               = 10.092857142857143

temperature     = 0.0
smearing        = DFTK.Smearing.None()
lattice         = [0.0 5.046 5.046; 5.046 0.0 5.046; 5.046 5.046 0.0]
Ecut            = 50.0
fft_size        = (48, 48, 48)
kgrid           = [1, 1, 1]
kshift          = [0.0, 0.0, 0.0]
n_irreducible_k = 1
n_bands         = 4
n_electrons     = 8

--------------------------------
n     Energy            log10(ΔE)   log10(Δρ)   α      Diag
---   ---------------   ---------   ---------   ----   ----
  1   -7.300915589351                   -0.47   0.80   12.0
  2   -7.313192013363       -1.91       -1.33   0.80    1.0
  3   -7.314228487521       -2.98       -2.13   0.80    5.0
  4   -7.314232489044       -5.40       -2.54   0.80    4.0
  5   -7.314241609927       -5.04       -2.82   0.80    4.0
  6   -7.314245487582       -5.41       -3.57   0.80    2.0
  7   -7.314245586640       -7.00       -4.09   0.80    4.0
  8   -7.314245593968       -8.14       -5.21   0.80    4.0
  9   -7.314245593998      -10.52       -5.46   0.80    5.0
 10   -7.314245594013      -10.82       -6.19   0.80    4.0
 11   -7.314245594013      -12.62       -6.88   0.80    4.0

--------------------------------
apply_χ0 with extra bands
 ────────────────────────────────────────────────────────────────────────────────
                                        Time                    Allocations      
                               ───────────────────────   ────────────────────────
       Tot / % measured:            1.23s / 100.0%            331MiB / 100.0%    

 Section               ncalls     time    %tot     avg     alloc    %tot      avg
 ────────────────────────────────────────────────────────────────────────────────
 apply_χ0_4P                1    1.23s  100.0%   1.23s    331MiB  100.0%   331MiB
   DftHamiltonian m...    178    1.07s   87.3%  6.04ms    178MiB   53.6%  1.00MiB
     local+kinetic        178    713ms   57.9%  4.00ms   13.3MiB    4.0%  76.7KiB
     nonlocal             178   13.2ms    1.1%  74.2μs   11.7MiB    3.5%  67.5KiB
 ────────────────────────────────────────────────────────────────────────────────

--------------------------------
apply_χ0 without extra bands
 ────────────────────────────────────────────────────────────────────────────────
                                        Time                    Allocations      
                               ───────────────────────   ────────────────────────
       Tot / % measured:            713ms / 100.0%            360MiB / 100.0%    

 Section               ncalls     time    %tot     avg     alloc    %tot      avg
 ────────────────────────────────────────────────────────────────────────────────
 apply_χ0_4P                1    713ms  100.0%   713ms    360MiB  100.0%   360MiB
   DftHamiltonian m...    196    603ms   84.5%  3.08ms    192MiB   53.4%  0.98MiB
     local+kinetic        196    538ms   75.4%  2.74ms   13.1MiB    3.6%  68.3KiB
     nonlocal             196   10.8ms    1.5%  55.3μs   12.9MiB    3.6%  67.5KiB
 ────────────────────────────────────────────────────────────────────────────────
