
hostname        = gaspacho

started on      = 2022-09-28T19:28:20.869
julia threads   = 1
BLAS threads    = 1

a               = 10.371428571428572

temperature     = 0.0
smearing        = DFTK.Smearing.None()
lattice         = [0.0 5.186 5.186; 5.186 0.0 5.186; 5.186 5.186 0.0]
Ecut            = 50.0
fft_size        = (50, 50, 50)
kgrid           = [1, 1, 1]
kshift          = [0.0, 0.0, 0.0]
n_irreducible_k = 1
n_bands         = 4
n_electrons     = 8

--------------------------------
n     Energy            log10(ΔE)   log10(Δρ)   α      Diag
---   ---------------   ---------   ---------   ----   ----
  1   -7.331929306708                   -0.49   0.80   14.0
  2   -7.342075200435       -1.99       -1.34   0.80    1.0
  3   -7.343005830440       -3.03       -2.16   0.80    4.0
  4   -7.343012627472       -5.17       -2.60   0.80    6.0
  5   -7.343019389007       -5.17       -2.93   0.80    4.0
  6   -7.343021255985       -5.73       -3.41   0.80    4.0
  7   -7.343021528875       -6.56       -3.91   0.80    3.0
  8   -7.343021552036       -7.64       -4.79   0.80    2.0
  9   -7.343021552411       -9.43       -5.14   0.80    5.0
 10   -7.343021552448      -10.43       -5.49   0.80    3.0
 11   -7.343021552457      -11.03       -6.22   0.80    5.0
 12   -7.343021552458      -12.42       -6.90   0.80    5.0

--------------------------------
apply_χ0 with extra bands
 ────────────────────────────────────────────────────────────────────────────────
                                        Time                    Allocations      
                               ───────────────────────   ────────────────────────
       Tot / % measured:            369ms / 100.0%            330MiB / 100.0%    

 Section               ncalls     time    %tot     avg     alloc    %tot      avg
 ────────────────────────────────────────────────────────────────────────────────
 apply_χ0_schur             1    369ms  100.0%   369ms    330MiB  100.0%   330MiB
   DftHamiltonian m...     91    226ms   61.1%  2.48ms    100MiB   30.4%  1.10MiB
     local+kinetic         93    200ms   54.1%  2.15ms   6.57MiB    2.0%  72.3KiB
     nonlocal              91   6.38ms    1.7%  70.1μs   6.71MiB    2.0%  75.5KiB
 ────────────────────────────────────────────────────────────────────────────────

--------------------------------
apply_χ0 without extra bands
 ────────────────────────────────────────────────────────────────────────────────
                                        Time                    Allocations      
                               ───────────────────────   ────────────────────────
       Tot / % measured:            306ms / 100.0%            271MiB / 100.0%    

 Section               ncalls     time    %tot     avg     alloc    %tot      avg
 ────────────────────────────────────────────────────────────────────────────────
 apply_χ0_schur             1    306ms  100.0%   306ms    271MiB  100.0%   271MiB
   DftHamiltonian m...     98    225ms   73.5%  2.30ms    108MiB   39.9%  1.10MiB
     local+kinetic         98    207ms   67.6%  2.11ms   7.15MiB    2.6%  74.7KiB
     nonlocal              98   6.00ms    2.0%  61.2μs   7.07MiB    2.6%  73.9KiB
 ────────────────────────────────────────────────────────────────────────────────
