
hostname        = clustern11

started on      = 2022-09-05T18:27:08.128
julia threads   = 1
BLAS threads    = 8

a               = 11.349857142857143

temperature     = 0.0
smearing        = DFTK.Smearing.None()
lattice         = [0.0 5.675 5.675; 5.675 0.0 5.675; 5.675 5.675 0.0]
Ecut            = 50.0
fft_size        = (54, 54, 54)
kgrid           = [1, 1, 1]
kshift          = [0.0, 0.0, 0.0]
n_irreducible_k = 1
n_bands         = 4
n_electrons     = 8

--------------------------------
n     Energy            log10(ΔE)   log10(Δρ)   α      Diag
---   ---------------   ---------   ---------   ----   ----
  1   -7.381518865958                   -0.58   0.60   14.0
  2   -7.385757553470       -2.37       -1.02   0.60    1.0
  3   -7.384910286041   +   -3.07       -1.41   0.60    2.0
  4   -7.386742907624       -2.74       -1.86   0.60    3.0
  5   -7.386922369763       -3.75       -2.30   0.60    4.0
  6   -7.386918935344   +   -5.46       -2.31   0.60    4.0
  7   -7.386938049186       -4.72       -2.41   0.60    2.0
  8   -7.386959919263       -4.66       -3.17   0.60    3.0
  9   -7.386960720519       -6.10       -3.57   0.60    4.0
 10   -7.386960727671       -8.15       -3.61   0.60    2.0
 11   -7.386960696293   +   -7.50       -3.54   0.60    2.0
 12   -7.386960804018       -6.97       -4.41   0.60    1.0
 13   -7.386960805948       -8.71       -4.79   0.60    3.0
 14   -7.386960806269       -9.49       -5.13   0.60    3.0
 15   -7.386960806316      -10.33       -5.60   0.60    3.0
 16   -7.386960806325      -11.02       -6.11   0.60    1.0
 17   -7.386960806326      -12.29       -6.35   0.60    4.0

--------------------------------
apply_χ0 with extra bands
 ────────────────────────────────────────────────────────────────────────────────
                                        Time                    Allocations      
                               ───────────────────────   ────────────────────────
       Tot / % measured:            1.16s / 100.0%            485MiB / 100.0%    

 Section               ncalls     time    %tot     avg     alloc    %tot      avg
 ────────────────────────────────────────────────────────────────────────────────
 apply_χ0_4P                1    1.16s  100.0%   1.16s    485MiB  100.0%   485MiB
   DftHamiltonian m...    184    942ms   81.4%  5.12ms    257MiB   52.9%  1.39MiB
     local+kinetic        184    860ms   74.3%  4.68ms   17.6MiB    3.6%  97.9KiB
     nonlocal             184   14.4ms    1.2%  78.0μs   17.5MiB    3.6%  97.1KiB
 ────────────────────────────────────────────────────────────────────────────────

--------------------------------
apply_χ0 without extra bands
 ────────────────────────────────────────────────────────────────────────────────
                                        Time                    Allocations      
                               ───────────────────────   ────────────────────────
       Tot / % measured:            1.24s / 100.0%            557MiB / 100.0%    

 Section               ncalls     time    %tot     avg     alloc    %tot      avg
 ────────────────────────────────────────────────────────────────────────────────
 apply_χ0_4P                1    1.24s  100.0%   1.24s    557MiB  100.0%   557MiB
   DftHamiltonian m...    212    1.10s   88.5%  5.19ms    296MiB   53.1%  1.39MiB
     local+kinetic        212    991ms   79.6%  4.67ms   20.3MiB    3.6%  97.9KiB
     nonlocal             212   29.1ms    2.3%   137μs   20.1MiB    3.6%  97.1KiB
 ────────────────────────────────────────────────────────────────────────────────
